Using pre-set license
Built from '2020.3/staging' branch; Version is '2020.3.4f1 (0abb6314276a) revision 703331'; Using compiler version '192528614'; Build Type 'Release'
OS: 'Windows 10 Home Single Language; OS build 19041.928; Version 2004; 64bit' Language: 'en' Physical Memory: 15809 MB
BatchMode: 1, IsHumanControllingUs: 0, StartBugReporterOnCrash: 0, Is64bit: 1, IsPro: 0

 COMMAND LINE ARGUMENTS:
C:\Program Files\Unity\Hub\Editor\2020.3.4f1\Editor\Unity.exe
-adb2
-batchMode
-noUpm
-name
AssetImportWorker0
-projectPath
D:/Aidan/Documents/Vega/2021/Semester 1/Game Development 3A/AidanKeown_GADE7311_POE/Project Files/GameName
-logFile
Logs/AssetImportWorker0.log
-srvPort
63655
Successfully changed project path to: D:/Aidan/Documents/Vega/2021/Semester 1/Game Development 3A/AidanKeown_GADE7311_POE/Project Files/GameName
D:/Aidan/Documents/Vega/2021/Semester 1/Game Development 3A/AidanKeown_GADE7311_POE/Project Files/GameName
Using Asset Import Pipeline V2.
Refreshing native plugins compatible for Editor in 45.68 ms, found 1 plugins.
Preloading 0 native plugins for Editor in 0.00 ms.
Initialize engine version: 2020.3.4f1 (0abb6314276a)
[Subsystems] Discovering subsystems at path C:/Program Files/Unity/Hub/Editor/2020.3.4f1/Editor/Data/Resources/UnitySubsystems
[Subsystems] Discovering subsystems at path D:/Aidan/Documents/Vega/2021/Semester 1/Game Development 3A/AidanKeown_GADE7311_POE/Project Files/GameName/Assets
GfxDevice: creating device client; threaded=0
Direct3D:
    Version:  Direct3D 11.0 [level 11.1]
    Renderer: NVIDIA GeForce GTX 1650 (ID=0x1f91)
    Vendor:   
    VRAM:     3962 MB
    Driver:   27.21.14.5167
Initialize mono
Mono path[0] = 'C:/Program Files/Unity/Hub/Editor/2020.3.4f1/Editor/Data/Managed'
Mono path[1] = 'C:/Program Files/Unity/Hub/Editor/2020.3.4f1/Editor/Data/MonoBleedingEdge/lib/mono/unityjit'
Mono config path = 'C:/Program Files/Unity/Hub/Editor/2020.3.4f1/Editor/Data/MonoBleedingEdge/etc'
Using monoOptions --debugger-agent=transport=dt_socket,embedding=1,server=y,suspend=n,address=127.0.0.1:56008
Begin MonoManager ReloadAssembly
Registering precompiled unity dll's ...
Register platform support module: C:/Program Files/Unity/Hub/Editor/2020.3.4f1/Editor/Data/PlaybackEngines/WebGLSupport/UnityEditor.WebGL.Extensions.dll
Register platform support module: C:/Program Files/Unity/Hub/Editor/2020.3.4f1/Editor/Data/PlaybackEngines/WindowsStandaloneSupport/UnityEditor.WindowsStandalone.Extensions.dll
Registered in 0.005605 seconds.
Native extension for WindowsStandalone target not found
Native extension for WebGL target not found
Refreshing native plugins compatible for Editor in 47.63 ms, found 1 plugins.
Preloading 0 native plugins for Editor in 0.00 ms.
Mono: successfully reloaded assembly
- Completed reload, in  3.740 seconds
Platform modules already initialized, skipping
Registering precompiled user dll's ...
Registered in 0.002702 seconds.
Begin MonoManager ReloadAssembly
Native extension for WindowsStandalone target not found
Native extension for WebGL target not found
Refreshing native plugins compatible for Editor in 44.51 ms, found 1 plugins.
Preloading 0 native plugins for Editor in 0.00 ms.
Mono: successfully reloaded assembly
- Completed reload, in  1.269 seconds
Platform modules already initialized, skipping
========================================================================
Worker process is ready to serve import requests
Launched and connected shader compiler UnityShaderCompiler.exe after 0.06 seconds
Refreshing native plugins compatible for Editor in 0.53 ms, found 1 plugins.
Preloading 0 native plugins for Editor in 0.00 ms.
Unloading 1840 Unused Serialized files (Serialized files now loaded: 0)
System memory in use before: 88.6 MB.
System memory in use after: 88.7 MB.

Unloading 16 unused Assets to reduce memory usage. Loaded Objects now: 2287.
Total: 2.778200 ms (FindLiveObjects: 0.332500 ms CreateObjectMapping: 0.074900 ms MarkObjects: 2.274300 ms  DeleteObjects: 0.095200 ms)

========================================================================
Received Import Request.
  path: Assets/00-GameRoot/Scripts/GameManager.cs
  artifactKey: Guid(c7858b6a6dafc4b4a871c54fa8891f4a) Importer(815301076,1909f56bfc062723c751e8b465ee728b)
Start importing Assets/00-GameRoot/Scripts/GameManager.cs using Guid(c7858b6a6dafc4b4a871c54fa8891f4a) Importer(815301076,1909f56bfc062723c751e8b465ee728b)  -> (artifact id: 'd6c13a16611a9d45edae9b1cb9a50a63') in 0.080616 seconds
  Import took 0.084447 seconds .

========================================================================
Received Prepare
Registering precompiled user dll's ...
Registered in 0.002435 seconds.
Begin MonoManager ReloadAssembly
Native extension for WindowsStandalone target not found
Native extension for WebGL target not found
Refreshing native plugins compatible for Editor in 0.44 ms, found 1 plugins.
Preloading 0 native plugins for Editor in 0.00 ms.
Mono: successfully reloaded assembly
- Completed reload, in  1.144 seconds
Platform modules already initialized, skipping
Refreshing native plugins compatible for Editor in 0.46 ms, found 1 plugins.
Preloading 0 native plugins for Editor in 0.00 ms.
Unloading 1816 Unused Serialized files (Serialized files now loaded: 0)
System memory in use before: 86.8 MB.
System memory in use after: 86.9 MB.

Unloading 8 unused Assets to reduce memory usage. Loaded Objects now: 2291.
Total: 2.732300 ms (FindLiveObjects: 0.243100 ms CreateObjectMapping: 0.052000 ms MarkObjects: 2.402800 ms  DeleteObjects: 0.032500 ms)

========================================================================
Received Import Request.
  Time since last request: 34.111275 seconds.
  path: Assets/00-GameRoot/Scripts/GameScene/ActiveMarble.cs
  artifactKey: Guid(2ef0c4320022dc24592bb8dfb6cbf555) Importer(815301076,1909f56bfc062723c751e8b465ee728b)
Start importing Assets/00-GameRoot/Scripts/GameScene/ActiveMarble.cs using Guid(2ef0c4320022dc24592bb8dfb6cbf555) Importer(815301076,1909f56bfc062723c751e8b465ee728b)  -> (artifact id: 'a3de7a56ebab9ace9e3f72513496e8b7') in 0.012315 seconds
  Import took 0.016151 seconds .

========================================================================
Received Prepare
Registering precompiled user dll's ...
Registered in 0.002900 seconds.
Begin MonoManager ReloadAssembly
Native extension for WindowsStandalone target not found
Native extension for WebGL target not found
Refreshing native plugins compatible for Editor in 0.43 ms, found 1 plugins.
Preloading 0 native plugins for Editor in 0.00 ms.
Mono: successfully reloaded assembly
- Completed reload, in  1.230 seconds
Platform modules already initialized, skipping
Refreshing native plugins compatible for Editor in 0.46 ms, found 1 plugins.
Preloading 0 native plugins for Editor in 0.00 ms.
Unloading 1817 Unused Serialized files (Serialized files now loaded: 0)
System memory in use before: 86.8 MB.
System memory in use after: 87.0 MB.

Unloading 8 unused Assets to reduce memory usage. Loaded Objects now: 2296.
Total: 3.253200 ms (FindLiveObjects: 0.381400 ms CreateObjectMapping: 0.123100 ms MarkObjects: 2.710100 ms  DeleteObjects: 0.036500 ms)

========================================================================
Received Import Request.
  Time since last request: 46.357970 seconds.
  path: Assets/00-GameRoot/Scripts/GameManager.cs
  artifactKey: Guid(30defb28580c85b489c641b2522638d9) Importer(815301076,1909f56bfc062723c751e8b465ee728b)
Start importing Assets/00-GameRoot/Scripts/GameManager.cs using Guid(30defb28580c85b489c641b2522638d9) Importer(815301076,1909f56bfc062723c751e8b465ee728b)  -> (artifact id: '2e1b9cd88f41536a1d78325ad82fcc51') in 0.010971 seconds
  Import took 0.072746 seconds .

========================================================================
Received Import Request.
  Time since last request: 47.915630 seconds.
  path: Assets/00-GameRoot/Scripts/InactiveBall.cs
  artifactKey: Guid(d3a6ef3e97869664aa55882e781f3014) Importer(815301076,1909f56bfc062723c751e8b465ee728b)
Start importing Assets/00-GameRoot/Scripts/InactiveBall.cs using Guid(d3a6ef3e97869664aa55882e781f3014) Importer(815301076,1909f56bfc062723c751e8b465ee728b)  -> (artifact id: 'b8e49cbe295fc50c45b50440f19d766d') in 0.008689 seconds
  Import took 0.076456 seconds .

========================================================================
Received Import Request.
  Time since last request: 12.268010 seconds.
  path: Assets/00-GameRoot/Scripts/InactiveMarbel.cs
  artifactKey: Guid(d3a6ef3e97869664aa55882e781f3014) Importer(815301076,1909f56bfc062723c751e8b465ee728b)
Start importing Assets/00-GameRoot/Scripts/InactiveMarbel.cs using Guid(d3a6ef3e97869664aa55882e781f3014) Importer(815301076,1909f56bfc062723c751e8b465ee728b)  -> (artifact id: 'caf88692b97f9fcb48704c979fa139a3') in 0.007237 seconds
  Import took 0.056040 seconds .

========================================================================
Received Import Request.
  Time since last request: 7.534722 seconds.
  path: Assets/00-GameRoot/Scripts/InactiveMarble.cs
  artifactKey: Guid(d3a6ef3e97869664aa55882e781f3014) Importer(815301076,1909f56bfc062723c751e8b465ee728b)
Start importing Assets/00-GameRoot/Scripts/InactiveMarble.cs using Guid(d3a6ef3e97869664aa55882e781f3014) Importer(815301076,1909f56bfc062723c751e8b465ee728b)  -> (artifact id: 'ade6fb3da13f6f7d46630166650a6b10') in 0.006926 seconds
  Import took 0.069166 seconds .

========================================================================
Received Import Request.
  Time since last request: 0.000240 seconds.
  path: Assets/00-GameRoot/Scripts/GameScene/GameManager.cs
  artifactKey: Guid(c7858b6a6dafc4b4a871c54fa8891f4a) Importer(815301076,1909f56bfc062723c751e8b465ee728b)
Start importing Assets/00-GameRoot/Scripts/GameScene/GameManager.cs using Guid(c7858b6a6dafc4b4a871c54fa8891f4a) Importer(815301076,1909f56bfc062723c751e8b465ee728b)  -> (artifact id: '5ac480167b5450ada7f2baec6a57db82') in 0.006610 seconds
  Import took 0.030999 seconds .

========================================================================
Received Import Request.
  Time since last request: 8.754254 seconds.
  path: Assets/00-GameRoot/Scripts/InactiveMarble.cs
  artifactKey: Guid(d3a6ef3e97869664aa55882e781f3014) Importer(815301076,1909f56bfc062723c751e8b465ee728b)
Start importing Assets/00-GameRoot/Scripts/InactiveMarble.cs using Guid(d3a6ef3e97869664aa55882e781f3014) Importer(815301076,1909f56bfc062723c751e8b465ee728b)  -> (artifact id: '350f1fc724be4a251b83f3e5232dd49b') in 0.007159 seconds
  Import took 0.048847 seconds .

========================================================================
Received Prepare
Registering precompiled user dll's ...
Registered in 0.002597 seconds.
Begin MonoManager ReloadAssembly
Native extension for WindowsStandalone target not found
Native extension for WebGL target not found
Refreshing native plugins compatible for Editor in 0.65 ms, found 1 plugins.
Preloading 0 native plugins for Editor in 0.00 ms.
Mono: successfully reloaded assembly
- Completed reload, in  1.196 seconds
Platform modules already initialized, skipping
Refreshing native plugins compatible for Editor in 0.43 ms, found 1 plugins.
Preloading 0 native plugins for Editor in 0.00 ms.
Unloading 1818 Unused Serialized files (Serialized files now loaded: 0)
System memory in use before: 86.9 MB.
System memory in use after: 87.0 MB.

Unloading 8 unused Assets to reduce memory usage. Loaded Objects now: 2301.
Total: 2.669200 ms (FindLiveObjects: 0.237900 ms CreateObjectMapping: 0.045900 ms MarkObjects: 2.354300 ms  DeleteObjects: 0.029200 ms)

========================================================================
Received Prepare
Registering precompiled user dll's ...
Registered in 0.002521 seconds.
Begin MonoManager ReloadAssembly
Native extension for WindowsStandalone target not found
Native extension for WebGL target not found
Refreshing native plugins compatible for Editor in 0.47 ms, found 1 plugins.
Preloading 0 native plugins for Editor in 0.00 ms.
Mono: successfully reloaded assembly
- Completed reload, in  1.207 seconds
Platform modules already initialized, skipping
Refreshing native plugins compatible for Editor in 0.63 ms, found 1 plugins.
Preloading 0 native plugins for Editor in 0.00 ms.
Unloading 1818 Unused Serialized files (Serialized files now loaded: 0)
System memory in use before: 86.9 MB.
System memory in use after: 87.0 MB.

Unloading 8 unused Assets to reduce memory usage. Loaded Objects now: 2305.
Total: 2.589900 ms (FindLiveObjects: 0.296700 ms CreateObjectMapping: 0.061400 ms MarkObjects: 2.204700 ms  DeleteObjects: 0.025000 ms)

========================================================================
Received Import Request.
  Time since last request: 621.219784 seconds.
  path: Assets/00-GameRoot/Models/Marbel.FBX
  artifactKey: Guid(817792f23a499734c9359f5ed1b6c5d5) Importer(815301076,1909f56bfc062723c751e8b465ee728b)
Start importing Assets/00-GameRoot/Models/Marbel.FBX using Guid(817792f23a499734c9359f5ed1b6c5d5) Importer(815301076,1909f56bfc062723c751e8b465ee728b)  -> (artifact id: '09b82aeaf1dc4828bd87ccf17a36a3d2') in 0.232831 seconds
  Import took 0.276531 seconds .

========================================================================
Received Prepare
Registering precompiled user dll's ...
Registered in 0.002814 seconds.
Begin MonoManager ReloadAssembly
Native extension for WindowsStandalone target not found
Native extension for WebGL target not found
Refreshing native plugins compatible for Editor in 0.43 ms, found 1 plugins.
Preloading 0 native plugins for Editor in 0.00 ms.
Mono: successfully reloaded assembly
- Completed reload, in  1.135 seconds
Platform modules already initialized, skipping
Refreshing native plugins compatible for Editor in 0.77 ms, found 1 plugins.
Preloading 0 native plugins for Editor in 0.00 ms.
Unloading 1818 Unused Serialized files (Serialized files now loaded: 0)
System memory in use before: 90.3 MB.
System memory in use after: 90.5 MB.

Unloading 8 unused Assets to reduce memory usage. Loaded Objects now: 2352.
Total: 4.639900 ms (FindLiveObjects: 0.353900 ms CreateObjectMapping: 0.083700 ms MarkObjects: 4.174200 ms  DeleteObjects: 0.026200 ms)

========================================================================
Received Prepare
Registering precompiled user dll's ...
Registered in 0.002561 seconds.
Begin MonoManager ReloadAssembly
Native extension for WindowsStandalone target not found
Native extension for WebGL target not found
Refreshing native plugins compatible for Editor in 0.48 ms, found 1 plugins.
Preloading 0 native plugins for Editor in 0.00 ms.
Mono: successfully reloaded assembly
- Completed reload, in  1.177 seconds
Platform modules already initialized, skipping
Refreshing native plugins compatible for Editor in 0.43 ms, found 1 plugins.
Preloading 0 native plugins for Editor in 0.00 ms.
Unloading 1818 Unused Serialized files (Serialized files now loaded: 0)
System memory in use before: 90.4 MB.
System memory in use after: 90.5 MB.

Unloading 8 unused Assets to reduce memory usage. Loaded Objects now: 2356.
Total: 3.055000 ms (FindLiveObjects: 0.462900 ms CreateObjectMapping: 0.162100 ms MarkObjects: 2.404200 ms  DeleteObjects: 0.024300 ms)

========================================================================
Received Prepare
Registering precompiled user dll's ...
Registered in 0.002969 seconds.
Begin MonoManager ReloadAssembly
Native extension for WindowsStandalone target not found
Native extension for WebGL target not found
Refreshing native plugins compatible for Editor in 0.44 ms, found 1 plugins.
Preloading 0 native plugins for Editor in 0.00 ms.
Mono: successfully reloaded assembly
- Completed reload, in  1.163 seconds
Platform modules already initialized, skipping
Refreshing native plugins compatible for Editor in 0.60 ms, found 1 plugins.
Preloading 0 native plugins for Editor in 0.00 ms.
Unloading 1818 Unused Serialized files (Serialized files now loaded: 0)
System memory in use before: 90.4 MB.
System memory in use after: 90.5 MB.

Unloading 8 unused Assets to reduce memory usage. Loaded Objects now: 2360.
Total: 2.893800 ms (FindLiveObjects: 0.263900 ms CreateObjectMapping: 0.061200 ms MarkObjects: 2.542800 ms  DeleteObjects: 0.023500 ms)

========================================================================
Received Prepare
Registering precompiled user dll's ...
Registered in 0.002715 seconds.
Begin MonoManager ReloadAssembly
Native extension for WindowsStandalone target not found
Native extension for WebGL target not found
Refreshing native plugins compatible for Editor in 0.51 ms, found 1 plugins.
Preloading 0 native plugins for Editor in 0.00 ms.
Mono: successfully reloaded assembly
- Completed reload, in  1.162 seconds
Platform modules already initialized, skipping
Refreshing native plugins compatible for Editor in 0.42 ms, found 1 plugins.
Preloading 0 native plugins for Editor in 0.00 ms.
Unloading 1818 Unused Serialized files (Serialized files now loaded: 0)
System memory in use before: 90.4 MB.
System memory in use after: 90.5 MB.

Unloading 8 unused Assets to reduce memory usage. Loaded Objects now: 2364.
Total: 3.829000 ms (FindLiveObjects: 0.532900 ms CreateObjectMapping: 0.221500 ms MarkObjects: 3.046200 ms  DeleteObjects: 0.026100 ms)

========================================================================
Received Prepare
Registering precompiled user dll's ...
Registered in 0.002747 seconds.
Begin MonoManager ReloadAssembly
Native extension for WindowsStandalone target not found
Native extension for WebGL target not found
Refreshing native plugins compatible for Editor in 0.67 ms, found 1 plugins.
Preloading 0 native plugins for Editor in 0.00 ms.
Mono: successfully reloaded assembly
- Completed reload, in  1.410 seconds
Platform modules already initialized, skipping
Refreshing native plugins compatible for Editor in 0.67 ms, found 1 plugins.
Preloading 0 native plugins for Editor in 0.00 ms.
Unloading 1818 Unused Serialized files (Serialized files now loaded: 0)
System memory in use before: 90.4 MB.
System memory in use after: 90.5 MB.

Unloading 8 unused Assets to reduce memory usage. Loaded Objects now: 2368.
Total: 2.791700 ms (FindLiveObjects: 0.286700 ms CreateObjectMapping: 0.084400 ms MarkObjects: 2.395000 ms  DeleteObjects: 0.023400 ms)

========================================================================
Received Prepare
Registering precompiled user dll's ...
Registered in 0.002777 seconds.
Begin MonoManager ReloadAssembly
Native extension for WindowsStandalone target not found
Native extension for WebGL target not found
Refreshing native plugins compatible for Editor in 0.44 ms, found 1 plugins.
Preloading 0 native plugins for Editor in 0.00 ms.
Mono: successfully reloaded assembly
- Completed reload, in  1.131 seconds
Platform modules already initialized, skipping
Refreshing native plugins compatible for Editor in 0.42 ms, found 1 plugins.
Preloading 0 native plugins for Editor in 0.00 ms.
Unloading 1818 Unused Serialized files (Serialized files now loaded: 0)
System memory in use before: 90.4 MB.
System memory in use after: 90.5 MB.

Unloading 8 unused Assets to reduce memory usage. Loaded Objects now: 2372.
Total: 3.174400 ms (FindLiveObjects: 0.316700 ms CreateObjectMapping: 0.080600 ms MarkObjects: 2.752200 ms  DeleteObjects: 0.023200 ms)

========================================================================
Received Prepare
Registering precompiled user dll's ...
Registered in 0.002158 seconds.
Begin MonoManager ReloadAssembly
Native extension for WindowsStandalone target not found
Native extension for WebGL target not found
Refreshing native plugins compatible for Editor in 0.43 ms, found 1 plugins.
Preloading 0 native plugins for Editor in 0.00 ms.
Mono: successfully reloaded assembly
- Completed reload, in  1.244 seconds
Platform modules already initialized, skipping
Refreshing native plugins compatible for Editor in 0.44 ms, found 1 plugins.
Preloading 0 native plugins for Editor in 0.00 ms.
Unloading 1818 Unused Serialized files (Serialized files now loaded: 0)
System memory in use before: 90.4 MB.
System memory in use after: 90.5 MB.

Unloading 8 unused Assets to reduce memory usage. Loaded Objects now: 2376.
Total: 3.587400 ms (FindLiveObjects: 0.348000 ms CreateObjectMapping: 0.078800 ms MarkObjects: 3.135500 ms  DeleteObjects: 0.023400 ms)

========================================================================
Received Prepare
Registering precompiled user dll's ...
Registered in 0.052355 seconds.
Begin MonoManager ReloadAssembly
Native extension for WindowsStandalone target not found
Native extension for WebGL target not found
Refreshing native plugins compatible for Editor in 0.84 ms, found 1 plugins.
Preloading 0 native plugins for Editor in 0.00 ms.
Mono: successfully reloaded assembly
- Completed reload, in  1.345 seconds
Platform modules already initialized, skipping
Refreshing native plugins compatible for Editor in 0.52 ms, found 1 plugins.
Preloading 0 native plugins for Editor in 0.00 ms.
Unloading 1818 Unused Serialized files (Serialized files now loaded: 0)
System memory in use before: 90.4 MB.
System memory in use after: 90.5 MB.

Unloading 8 unused Assets to reduce memory usage. Loaded Objects now: 2380.
Total: 3.274300 ms (FindLiveObjects: 0.418300 ms CreateObjectMapping: 0.127300 ms MarkObjects: 2.703300 ms  DeleteObjects: 0.022500 ms)

========================================================================
Received Prepare
Registering precompiled user dll's ...
Registered in 0.002202 seconds.
Begin MonoManager ReloadAssembly
Native extension for WindowsStandalone target not found
Native extension for WebGL target not found
Refreshing native plugins compatible for Editor in 0.43 ms, found 1 plugins.
Preloading 0 native plugins for Editor in 0.00 ms.
Mono: successfully reloaded assembly
- Completed reload, in  1.118 seconds
Platform modules already initialized, skipping
Refreshing native plugins compatible for Editor in 0.44 ms, found 1 plugins.
Preloading 0 native plugins for Editor in 0.00 ms.
Unloading 1818 Unused Serialized files (Serialized files now loaded: 0)
System memory in use before: 90.4 MB.
System memory in use after: 90.5 MB.

Unloading 8 unused Assets to reduce memory usage. Loaded Objects now: 2384.
Total: 2.500300 ms (FindLiveObjects: 0.262900 ms CreateObjectMapping: 0.044600 ms MarkObjects: 2.170700 ms  DeleteObjects: 0.021000 ms)

========================================================================
Received Prepare
Registering precompiled user dll's ...
Registered in 0.002252 seconds.
Begin MonoManager ReloadAssembly
Native extension for WindowsStandalone target not found
Native extension for WebGL target not found
Refreshing native plugins compatible for Editor in 0.44 ms, found 1 plugins.
Preloading 0 native plugins for Editor in 0.00 ms.
Mono: successfully reloaded assembly
- Completed reload, in  1.149 seconds
Platform modules already initialized, skipping
Refreshing native plugins compatible for Editor in 0.44 ms, found 1 plugins.
Preloading 0 native plugins for Editor in 0.00 ms.
Unloading 1818 Unused Serialized files (Serialized files now loaded: 0)
System memory in use before: 90.4 MB.
System memory in use after: 90.5 MB.

Unloading 8 unused Assets to reduce memory usage. Loaded Objects now: 2388.
Total: 2.847900 ms (FindLiveObjects: 0.302600 ms CreateObjectMapping: 0.071100 ms MarkObjects: 2.448900 ms  DeleteObjects: 0.022900 ms)

========================================================================
Received Prepare
Registering precompiled user dll's ...
Registered in 0.002403 seconds.
Begin MonoManager ReloadAssembly
Native extension for WindowsStandalone target not found
Native extension for WebGL target not found
Refreshing native plugins compatible for Editor in 0.43 ms, found 1 plugins.
Preloading 0 native plugins for Editor in 0.00 ms.
Mono: successfully reloaded assembly
- Completed reload, in  1.123 seconds
Platform modules already initialized, skipping
Refreshing native plugins compatible for Editor in 0.43 ms, found 1 plugins.
Preloading 0 native plugins for Editor in 0.00 ms.
Unloading 1818 Unused Serialized files (Serialized files now loaded: 0)
System memory in use before: 90.4 MB.
System memory in use after: 90.5 MB.

Unloading 8 unused Assets to reduce memory usage. Loaded Objects now: 2392.
Total: 2.997900 ms (FindLiveObjects: 0.374300 ms CreateObjectMapping: 0.058500 ms MarkObjects: 2.541900 ms  DeleteObjects: 0.021100 ms)

========================================================================
Received Prepare
Registering precompiled user dll's ...
Registered in 0.002679 seconds.
Begin MonoManager ReloadAssembly
Native extension for WindowsStandalone target not found
Native extension for WebGL target not found
Refreshing native plugins compatible for Editor in 0.43 ms, found 1 plugins.
Preloading 0 native plugins for Editor in 0.00 ms.
Mono: successfully reloaded assembly
- Completed reload, in  1.108 seconds
Platform modules already initialized, skipping
Refreshing native plugins compatible for Editor in 0.52 ms, found 1 plugins.
Preloading 0 native plugins for Editor in 0.00 ms.
Unloading 1818 Unused Serialized files (Serialized files now loaded: 0)
System memory in use before: 90.4 MB.
System memory in use after: 90.5 MB.

Unloading 8 unused Assets to reduce memory usage. Loaded Objects now: 2396.
Total: 4.448600 ms (FindLiveObjects: 1.236500 ms CreateObjectMapping: 0.253000 ms MarkObjects: 2.933300 ms  DeleteObjects: 0.022900 ms)

========================================================================
Received Prepare
Registering precompiled user dll's ...
Registered in 0.004268 seconds.
Begin MonoManager ReloadAssembly
Native extension for WindowsStandalone target not found
Native extension for WebGL target not found
Refreshing native plugins compatible for Editor in 0.77 ms, found 1 plugins.
Preloading 0 native plugins for Editor in 0.00 ms.
Mono: successfully reloaded assembly
- Completed reload, in  1.170 seconds
Platform modules already initialized, skipping
Refreshing native plugins compatible for Editor in 0.48 ms, found 1 plugins.
Preloading 0 native plugins for Editor in 0.00 ms.
Unloading 1818 Unused Serialized files (Serialized files now loaded: 0)
System memory in use before: 90.4 MB.
System memory in use after: 90.6 MB.

Unloading 8 unused Assets to reduce memory usage. Loaded Objects now: 2400.
Total: 3.114300 ms (FindLiveObjects: 0.338700 ms CreateObjectMapping: 0.067500 ms MarkObjects: 2.682000 ms  DeleteObjects: 0.024400 ms)

========================================================================
Received Prepare
Registering precompiled user dll's ...
Registered in 0.004052 seconds.
Begin MonoManager ReloadAssembly
Native extension for WindowsStandalone target not found
Native extension for WebGL target not found
Refreshing native plugins compatible for Editor in 0.51 ms, found 1 plugins.
Preloading 0 native plugins for Editor in 0.00 ms.
Mono: successfully reloaded assembly
- Completed reload, in  1.111 seconds
Platform modules already initialized, skipping
Refreshing native plugins compatible for Editor in 0.44 ms, found 1 plugins.
Preloading 0 native plugins for Editor in 0.00 ms.
Unloading 1818 Unused Serialized files (Serialized files now loaded: 0)
System memory in use before: 90.5 MB.
System memory in use after: 90.6 MB.

Unloading 8 unused Assets to reduce memory usage. Loaded Objects now: 2404.
Total: 2.752000 ms (FindLiveObjects: 0.253400 ms CreateObjectMapping: 0.044100 ms MarkObjects: 2.434300 ms  DeleteObjects: 0.018800 ms)

========================================================================
Received Prepare
Registering precompiled user dll's ...
Registered in 0.002680 seconds.
Begin MonoManager ReloadAssembly
Native extension for WindowsStandalone target not found
Native extension for WebGL target not found
Refreshing native plugins compatible for Editor in 0.43 ms, found 1 plugins.
Preloading 0 native plugins for Editor in 0.00 ms.
Mono: successfully reloaded assembly
- Completed reload, in  1.114 seconds
Platform modules already initialized, skipping
Refreshing native plugins compatible for Editor in 0.45 ms, found 1 plugins.
Preloading 0 native plugins for Editor in 0.00 ms.
Unloading 1818 Unused Serialized files (Serialized files now loaded: 0)
System memory in use before: 90.5 MB.
System memory in use after: 90.6 MB.

Unloading 8 unused Assets to reduce memory usage. Loaded Objects now: 2408.
Total: 2.608000 ms (FindLiveObjects: 0.242500 ms CreateObjectMapping: 0.042700 ms MarkObjects: 2.302900 ms  DeleteObjects: 0.018700 ms)

========================================================================
Received Prepare
Registering precompiled user dll's ...
Registered in 0.003250 seconds.
Begin MonoManager ReloadAssembly
Native extension for WindowsStandalone target not found
Native extension for WebGL target not found
Refreshing native plugins compatible for Editor in 0.75 ms, found 1 plugins.
Preloading 0 native plugins for Editor in 0.00 ms.
Mono: successfully reloaded assembly
- Completed reload, in  1.183 seconds
Platform modules already initialized, skipping
Refreshing native plugins compatible for Editor in 0.50 ms, found 1 plugins.
Preloading 0 native plugins for Editor in 0.00 ms.
Unloading 1818 Unused Serialized files (Serialized files now loaded: 0)
System memory in use before: 90.5 MB.
System memory in use after: 90.6 MB.

Unloading 8 unused Assets to reduce memory usage. Loaded Objects now: 2412.
Total: 3.839200 ms (FindLiveObjects: 0.470600 ms CreateObjectMapping: 0.154600 ms MarkObjects: 3.186300 ms  DeleteObjects: 0.026000 ms)

========================================================================
Received Prepare
Registering precompiled user dll's ...
Registered in 0.003249 seconds.
Begin MonoManager ReloadAssembly
Native extension for WindowsStandalone target not found
Native extension for WebGL target not found
Refreshing native plugins compatible for Editor in 0.42 ms, found 1 plugins.
Preloading 0 native plugins for Editor in 0.00 ms.
Mono: successfully reloaded assembly
- Completed reload, in  1.215 seconds
Platform modules already initialized, skipping
Refreshing native plugins compatible for Editor in 0.47 ms, found 1 plugins.
Preloading 0 native plugins for Editor in 0.00 ms.
Unloading 1818 Unused Serialized files (Serialized files now loaded: 0)
System memory in use before: 90.5 MB.
System memory in use after: 90.6 MB.

Unloading 8 unused Assets to reduce memory usage. Loaded Objects now: 2416.
Total: 2.974200 ms (FindLiveObjects: 0.394900 ms CreateObjectMapping: 0.122700 ms MarkObjects: 2.435800 ms  DeleteObjects: 0.019300 ms)

========================================================================
Received Prepare
Registering precompiled user dll's ...
Registered in 0.003582 seconds.
Begin MonoManager ReloadAssembly
Native extension for WindowsStandalone target not found
Native extension for WebGL target not found
Refreshing native plugins compatible for Editor in 0.54 ms, found 1 plugins.
Preloading 0 native plugins for Editor in 0.00 ms.
Mono: successfully reloaded assembly
- Completed reload, in  1.123 seconds
Platform modules already initialized, skipping
Refreshing native plugins compatible for Editor in 0.49 ms, found 1 plugins.
Preloading 0 native plugins for Editor in 0.00 ms.
Unloading 1818 Unused Serialized files (Serialized files now loaded: 0)
System memory in use before: 90.5 MB.
System memory in use after: 90.6 MB.

Unloading 8 unused Assets to reduce memory usage. Loaded Objects now: 2420.
Total: 2.885400 ms (FindLiveObjects: 0.295500 ms CreateObjectMapping: 0.068600 ms MarkObjects: 2.488800 ms  DeleteObjects: 0.030500 ms)

========================================================================
Received Import Request.
  Time since last request: 70917.718656 seconds.
  path: Assets/00-GameRoot/Resources/Prefabs/Marbel.prefab
  artifactKey: Guid(8dc3a80749b62b047b74fe2e3113a236) Importer(815301076,1909f56bfc062723c751e8b465ee728b)
Start importing Assets/00-GameRoot/Resources/Prefabs/Marbel.prefab using Guid(8dc3a80749b62b047b74fe2e3113a236) Importer(815301076,1909f56bfc062723c751e8b465ee728b)  -> (artifact id: '1a2b4845b24f833557bb8f389bb947c7') in 0.084163 seconds
  Import took 1.684991 seconds .

========================================================================
Received Import Request.
  Time since last request: 5.735335 seconds.
  path: Assets/00-GameRoot/Resources/Prefabs/Active Marble.prefab
  artifactKey: Guid(08656d4b0c3b7aa4c8ecfb87c6fe73be) Importer(815301076,1909f56bfc062723c751e8b465ee728b)
Start importing Assets/00-GameRoot/Resources/Prefabs/Active Marble.prefab using Guid(08656d4b0c3b7aa4c8ecfb87c6fe73be) Importer(815301076,1909f56bfc062723c751e8b465ee728b)  -> (artifact id: '11aa058c54719dacc3123abe66522508') in 0.017602 seconds
  Import took 0.035320 seconds .

========================================================================
Received Import Request.
  Time since last request: 27.307306 seconds.
  path: Assets/00-GameRoot/Scripts/GameScene/GameManager.cs
  artifactKey: Guid(c7858b6a6dafc4b4a871c54fa8891f4a) Importer(815301076,1909f56bfc062723c751e8b465ee728b)
Start importing Assets/00-GameRoot/Scripts/GameScene/GameManager.cs using Guid(c7858b6a6dafc4b4a871c54fa8891f4a) Importer(815301076,1909f56bfc062723c751e8b465ee728b)  -> (artifact id: '9275c6619212517a5d268382b7c1b9e8') in 0.006042 seconds
  Import took 0.044359 seconds .

========================================================================
Received Import Request.
  Time since last request: 25.397825 seconds.
  path: Assets/00-GameRoot/Resources/Prefabs/InactiveMarble.prefab
  artifactKey: Guid(3004446479a43bd459e9b5abba8724ae) Importer(815301076,1909f56bfc062723c751e8b465ee728b)
Start importing Assets/00-GameRoot/Resources/Prefabs/InactiveMarble.prefab using Guid(3004446479a43bd459e9b5abba8724ae) Importer(815301076,1909f56bfc062723c751e8b465ee728b)  -> (artifact id: '49909c241793e5a3dc14512ae6656878') in 0.047296 seconds
  Import took 0.079591 seconds .

========================================================================
Received Import Request.
  Time since last request: 88.685837 seconds.
  path: ProjectSettings/TagManager.asset
  artifactKey: Guid(00000000000000003000000000000000) Importer(815301076,1909f56bfc062723c751e8b465ee728b)
Start importing ProjectSettings/TagManager.asset using Guid(00000000000000003000000000000000) Importer(815301076,1909f56bfc062723c751e8b465ee728b)  -> (artifact id: 'c6d0ddd3c0c5b76a13cd507731483ebf') in 0.009145 seconds
  Import took 0.037800 seconds .

========================================================================
Received Prepare
Registering precompiled user dll's ...
Registered in 0.002154 seconds.
Begin MonoManager ReloadAssembly
Native extension for WindowsStandalone target not found
Native extension for WebGL target not found
Refreshing native plugins compatible for Editor in 0.48 ms, found 1 plugins.
Preloading 0 native plugins for Editor in 0.00 ms.
Mono: successfully reloaded assembly
- Completed reload, in  1.243 seconds
Platform modules already initialized, skipping
Refreshing native plugins compatible for Editor in 0.47 ms, found 1 plugins.
Preloading 0 native plugins for Editor in 0.00 ms.
Unloading 1818 Unused Serialized files (Serialized files now loaded: 0)
System memory in use before: 90.6 MB.
System memory in use after: 90.7 MB.

Unloading 9 unused Assets to reduce memory usage. Loaded Objects now: 2425.
Total: 2.902400 ms (FindLiveObjects: 0.316200 ms CreateObjectMapping: 0.063800 ms MarkObjects: 2.497300 ms  DeleteObjects: 0.023400 ms)

========================================================================
Received Import Request.
  Time since last request: 203.306614 seconds.
  path: Assets/00-GameRoot/Scripts/GameScene/GameManager.cs
  artifactKey: Guid(c7858b6a6dafc4b4a871c54fa8891f4a) Importer(815301076,1909f56bfc062723c751e8b465ee728b)
Start importing Assets/00-GameRoot/Scripts/GameScene/GameManager.cs using Guid(c7858b6a6dafc4b4a871c54fa8891f4a) Importer(815301076,1909f56bfc062723c751e8b465ee728b)  -> (artifact id: '5b49ae0b55fe03ab511fde608a9ab8b1') in 0.010112 seconds
  Import took 0.014012 seconds .

========================================================================
Received Import Request.
  Time since last request: 0.024231 seconds.
  path: Assets/00-GameRoot/Scripts/GameScene/GameManager.cs
  artifactKey: Guid(c7858b6a6dafc4b4a871c54fa8891f4a) Importer(815301076,1909f56bfc062723c751e8b465ee728b)
Start importing Assets/00-GameRoot/Scripts/GameScene/GameManager.cs using Guid(c7858b6a6dafc4b4a871c54fa8891f4a) Importer(815301076,1909f56bfc062723c751e8b465ee728b)  -> (artifact id: '5b49ae0b55fe03ab511fde608a9ab8b1') in 0.006917 seconds
  Import took 0.085246 seconds .

========================================================================
Received Import Request.
  Time since last request: 31.155675 seconds.
  path: Assets/00-GameRoot/Scripts/GameScene/GameBoard.cs
  artifactKey: Guid(411ab991967fe0b429b80a946a1878de) Importer(815301076,1909f56bfc062723c751e8b465ee728b)
Start importing Assets/00-GameRoot/Scripts/GameScene/GameBoard.cs using Guid(411ab991967fe0b429b80a946a1878de) Importer(815301076,1909f56bfc062723c751e8b465ee728b)  -> (artifact id: 'e3a9c0671db95f6806f2deeeb059560d') in 0.008223 seconds
  Import took 0.045702 seconds .

========================================================================
Received Import Request.
  Time since last request: 0.002613 seconds.
  path: Assets/00-GameRoot/Scripts/GameScene/GameBoard.cs
  artifactKey: Guid(411ab991967fe0b429b80a946a1878de) Importer(815301076,1909f56bfc062723c751e8b465ee728b)
Start importing Assets/00-GameRoot/Scripts/GameScene/GameBoard.cs using Guid(411ab991967fe0b429b80a946a1878de) Importer(815301076,1909f56bfc062723c751e8b465ee728b)  -> (artifact id: 'e3a9c0671db95f6806f2deeeb059560d') in 0.010392 seconds
  Import took 0.015057 seconds .

========================================================================
Received Prepare
Registering precompiled user dll's ...
Registered in 0.003853 seconds.
Begin MonoManager ReloadAssembly
Native extension for WindowsStandalone target not found
Native extension for WebGL target not found
Refreshing native plugins compatible for Editor in 0.52 ms, found 1 plugins.
Preloading 0 native plugins for Editor in 0.00 ms.
Mono: successfully reloaded assembly
- Completed reload, in  1.257 seconds
Platform modules already initialized, skipping
Refreshing native plugins compatible for Editor in 0.55 ms, found 1 plugins.
Preloading 0 native plugins for Editor in 0.00 ms.
Unloading 1819 Unused Serialized files (Serialized files now loaded: 0)
System memory in use before: 90.6 MB.
System memory in use after: 90.7 MB.

Unloading 8 unused Assets to reduce memory usage. Loaded Objects now: 2430.
Total: 3.202800 ms (FindLiveObjects: 0.298100 ms CreateObjectMapping: 0.066400 ms MarkObjects: 2.814500 ms  DeleteObjects: 0.022500 ms)

========================================================================
Received Prepare
Registering precompiled user dll's ...
Registered in 0.002470 seconds.
Begin MonoManager ReloadAssembly
Native extension for WindowsStandalone target not found
Native extension for WebGL target not found
Refreshing native plugins compatible for Editor in 0.44 ms, found 1 plugins.
Preloading 0 native plugins for Editor in 0.00 ms.
Mono: successfully reloaded assembly
- Completed reload, in  1.162 seconds
Platform modules already initialized, skipping
Refreshing native plugins compatible for Editor in 0.44 ms, found 1 plugins.
Preloading 0 native plugins for Editor in 0.00 ms.
Unloading 1819 Unused Serialized files (Serialized files now loaded: 0)
System memory in use before: 90.6 MB.
System memory in use after: 90.7 MB.

Unloading 8 unused Assets to reduce memory usage. Loaded Objects now: 2434.
Total: 2.906000 ms (FindLiveObjects: 0.270200 ms CreateObjectMapping: 0.061400 ms MarkObjects: 2.549900 ms  DeleteObjects: 0.023200 ms)

========================================================================
Received Prepare
Registering precompiled user dll's ...
Registered in 0.003487 seconds.
Begin MonoManager ReloadAssembly
Native extension for WindowsStandalone target not found
Native extension for WebGL target not found
Refreshing native plugins compatible for Editor in 0.50 ms, found 1 plugins.
Preloading 0 native plugins for Editor in 0.00 ms.
Mono: successfully reloaded assembly
- Completed reload, in  1.151 seconds
Platform modules already initialized, skipping
Refreshing native plugins compatible for Editor in 0.48 ms, found 1 plugins.
Preloading 0 native plugins for Editor in 0.00 ms.
Unloading 1819 Unused Serialized files (Serialized files now loaded: 0)
System memory in use before: 90.6 MB.
System memory in use after: 90.7 MB.

Unloading 8 unused Assets to reduce memory usage. Loaded Objects now: 2438.
Total: 3.208600 ms (FindLiveObjects: 0.395300 ms CreateObjectMapping: 0.114700 ms MarkObjects: 2.677300 ms  DeleteObjects: 0.019700 ms)

========================================================================
Received Prepare
Registering precompiled user dll's ...
Registered in 0.002983 seconds.
Begin MonoManager ReloadAssembly
Native extension for WindowsStandalone target not found
Native extension for WebGL target not found
Refreshing native plugins compatible for Editor in 0.47 ms, found 1 plugins.
Preloading 0 native plugins for Editor in 0.00 ms.
Mono: successfully reloaded assembly
- Completed reload, in  1.202 seconds
Platform modules already initialized, skipping
Refreshing native plugins compatible for Editor in 0.47 ms, found 1 plugins.
Preloading 0 native plugins for Editor in 0.00 ms.
Unloading 1819 Unused Serialized files (Serialized files now loaded: 0)
System memory in use before: 90.6 MB.
System memory in use after: 90.7 MB.

Unloading 8 unused Assets to reduce memory usage. Loaded Objects now: 2442.
Total: 3.602900 ms (FindLiveObjects: 0.463400 ms CreateObjectMapping: 0.071600 ms MarkObjects: 3.042900 ms  DeleteObjects: 0.023500 ms)

========================================================================
Received Prepare
Registering precompiled user dll's ...
Registered in 0.003433 seconds.
Begin MonoManager ReloadAssembly
Native extension for WindowsStandalone target not found
Native extension for WebGL target not found
Refreshing native plugins compatible for Editor in 0.43 ms, found 1 plugins.
Preloading 0 native plugins for Editor in 0.00 ms.
Mono: successfully reloaded assembly
- Completed reload, in  1.181 seconds
Platform modules already initialized, skipping
Refreshing native plugins compatible for Editor in 0.43 ms, found 1 plugins.
Preloading 0 native plugins for Editor in 0.00 ms.
Unloading 1819 Unused Serialized files (Serialized files now loaded: 0)
System memory in use before: 90.6 MB.
System memory in use after: 90.7 MB.

Unloading 8 unused Assets to reduce memory usage. Loaded Objects now: 2446.
Total: 3.366500 ms (FindLiveObjects: 0.282400 ms CreateObjectMapping: 0.061300 ms MarkObjects: 2.996300 ms  DeleteObjects: 0.024600 ms)

========================================================================
Received Import Request.
  Time since last request: 1139.484306 seconds.
  path: Assets/00-GameRoot/Scenes/HotSeat - Task 1.unity
  artifactKey: Guid(5daab69a70abec04cacd0b123e87d05b) Importer(815301076,1909f56bfc062723c751e8b465ee728b)
Start importing Assets/00-GameRoot/Scenes/HotSeat - Task 1.unity using Guid(5daab69a70abec04cacd0b123e87d05b) Importer(815301076,1909f56bfc062723c751e8b465ee728b)  -> (artifact id: 'e8c3f7c7db22bbe2087f581b5447f4d7') in 0.019599 seconds
  Import took 0.063793 seconds .

========================================================================
Received Import Request.
  Time since last request: 1157.022314 seconds.
  path: Assets/00-GameRoot/Scripts/GameScene/Player.cs
  artifactKey: Guid(0581fa417e1b2d249bce09b67c4a8917) Importer(815301076,1909f56bfc062723c751e8b465ee728b)
Start importing Assets/00-GameRoot/Scripts/GameScene/Player.cs using Guid(0581fa417e1b2d249bce09b67c4a8917) Importer(815301076,1909f56bfc062723c751e8b465ee728b)  -> (artifact id: '50e6407274761d6f831188c218aea509') in 0.008552 seconds
  Import took 0.012835 seconds .

========================================================================
Received Prepare
Registering precompiled user dll's ...
Registered in 0.002328 seconds.
Begin MonoManager ReloadAssembly
Native extension for WindowsStandalone target not found
Native extension for WebGL target not found
Refreshing native plugins compatible for Editor in 0.44 ms, found 1 plugins.
Preloading 0 native plugins for Editor in 0.00 ms.
Mono: successfully reloaded assembly
- Completed reload, in  1.078 seconds
Platform modules already initialized, skipping
Refreshing native plugins compatible for Editor in 0.50 ms, found 1 plugins.
Preloading 0 native plugins for Editor in 0.00 ms.
Unloading 1820 Unused Serialized files (Serialized files now loaded: 0)
System memory in use before: 90.6 MB.
System memory in use after: 90.8 MB.

Unloading 8 unused Assets to reduce memory usage. Loaded Objects now: 2451.
Total: 2.990700 ms (FindLiveObjects: 0.275200 ms CreateObjectMapping: 0.061200 ms MarkObjects: 2.631900 ms  DeleteObjects: 0.021000 ms)

========================================================================
Received Prepare
Registering precompiled user dll's ...
Registered in 0.002234 seconds.
Begin MonoManager ReloadAssembly
Native extension for WindowsStandalone target not found
Native extension for WebGL target not found
Refreshing native plugins compatible for Editor in 0.44 ms, found 1 plugins.
Preloading 0 native plugins for Editor in 0.00 ms.
Mono: successfully reloaded assembly
- Completed reload, in  1.127 seconds
Platform modules already initialized, skipping
Refreshing native plugins compatible for Editor in 0.45 ms, found 1 plugins.
Preloading 0 native plugins for Editor in 0.00 ms.
Unloading 1820 Unused Serialized files (Serialized files now loaded: 0)
System memory in use before: 90.6 MB.
System memory in use after: 90.8 MB.

Unloading 8 unused Assets to reduce memory usage. Loaded Objects now: 2455.
Total: 2.519200 ms (FindLiveObjects: 0.272600 ms CreateObjectMapping: 0.052400 ms MarkObjects: 2.171700 ms  DeleteObjects: 0.020600 ms)

========================================================================
Received Import Request.
  Time since last request: 97.966989 seconds.
  path: Assets/00-GameRoot/Scripts/GameScene/Player.cs
  artifactKey: Guid(0581fa417e1b2d249bce09b67c4a8917) Importer(815301076,1909f56bfc062723c751e8b465ee728b)
Start importing Assets/00-GameRoot/Scripts/GameScene/Player.cs using Guid(0581fa417e1b2d249bce09b67c4a8917) Importer(815301076,1909f56bfc062723c751e8b465ee728b)  -> (artifact id: '7f0b82e958b85ca49482f59e16668602') in 0.008339 seconds
  Import took 0.039480 seconds .

========================================================================
Received Import Request.
  Time since last request: 5.960663 seconds.
  path: Assets/00-GameRoot/Scripts/GameScene/GameBoard.cs
  artifactKey: Guid(411ab991967fe0b429b80a946a1878de) Importer(815301076,1909f56bfc062723c751e8b465ee728b)
Start importing Assets/00-GameRoot/Scripts/GameScene/GameBoard.cs using Guid(411ab991967fe0b429b80a946a1878de) Importer(815301076,1909f56bfc062723c751e8b465ee728b)  -> (artifact id: '60d73cb45140636165468625e3c8a3c0') in 0.006176 seconds
  Import took 0.040363 seconds .

========================================================================
Received Import Request.
  Time since last request: 0.938389 seconds.
  path: Assets/00-GameRoot/Scripts/GameScene/GameManager.cs
  artifactKey: Guid(c7858b6a6dafc4b4a871c54fa8891f4a) Importer(815301076,1909f56bfc062723c751e8b465ee728b)
Start importing Assets/00-GameRoot/Scripts/GameScene/GameManager.cs using Guid(c7858b6a6dafc4b4a871c54fa8891f4a) Importer(815301076,1909f56bfc062723c751e8b465ee728b)  -> (artifact id: '3f0876bcb2c54f4318aaa41d490911d2') in 0.006454 seconds
  Import took 0.048833 seconds .

========================================================================
Received Import Request.
  Time since last request: 0.000352 seconds.
  path: Assets/00-GameRoot/Scripts/GameScene/GameManager.cs
  artifactKey: Guid(c7858b6a6dafc4b4a871c54fa8891f4a) Importer(815301076,1909f56bfc062723c751e8b465ee728b)
Start importing Assets/00-GameRoot/Scripts/GameScene/GameManager.cs using Guid(c7858b6a6dafc4b4a871c54fa8891f4a) Importer(815301076,1909f56bfc062723c751e8b465ee728b)  -> (artifact id: '3f0876bcb2c54f4318aaa41d490911d2') in 0.006262 seconds
  Import took 0.010243 seconds .

========================================================================
Received Prepare
Registering precompiled user dll's ...
Registered in 0.009577 seconds.
Begin MonoManager ReloadAssembly
Native extension for WindowsStandalone target not found
Native extension for WebGL target not found
Refreshing native plugins compatible for Editor in 1.22 ms, found 1 plugins.
Preloading 0 native plugins for Editor in 0.00 ms.
Mono: successfully reloaded assembly
- Completed reload, in  4.219 seconds
Platform modules already initialized, skipping
Refreshing native plugins compatible for Editor in 1.23 ms, found 1 plugins.
Preloading 0 native plugins for Editor in 0.00 ms.
Unloading 1820 Unused Serialized files (Serialized files now loaded: 0)
System memory in use before: 90.7 MB.
System memory in use after: 90.8 MB.

Unloading 8 unused Assets to reduce memory usage. Loaded Objects now: 2459.
Total: 7.506900 ms (FindLiveObjects: 0.875900 ms CreateObjectMapping: 0.699800 ms MarkObjects: 5.886500 ms  DeleteObjects: 0.040400 ms)

========================================================================
Received Import Request.
  Time since last request: 638.467640 seconds.
  path: Assets/00-GameRoot/Scripts/GameScene/GameManager.cs
  artifactKey: Guid(c7858b6a6dafc4b4a871c54fa8891f4a) Importer(815301076,1909f56bfc062723c751e8b465ee728b)
Start importing Assets/00-GameRoot/Scripts/GameScene/GameManager.cs using Guid(c7858b6a6dafc4b4a871c54fa8891f4a) Importer(815301076,1909f56bfc062723c751e8b465ee728b)  -> (artifact id: 'ebe84aea1e6d2765e49ceac49c5066cd') in 0.021341 seconds
  Import took 0.032864 seconds .

========================================================================
Received Prepare
Registering precompiled user dll's ...
Registered in 0.013921 seconds.
Begin MonoManager ReloadAssembly
Native extension for WindowsStandalone target not found
Native extension for WebGL target not found
Refreshing native plugins compatible for Editor in 1.21 ms, found 1 plugins.
Preloading 0 native plugins for Editor in 0.00 ms.
Mono: successfully reloaded assembly
- Completed reload, in  3.018 seconds
Platform modules already initialized, skipping
Refreshing native plugins compatible for Editor in 1.04 ms, found 1 plugins.
Preloading 0 native plugins for Editor in 0.00 ms.
Unloading 1820 Unused Serialized files (Serialized files now loaded: 0)
System memory in use before: 90.7 MB.
System memory in use after: 90.8 MB.

Unloading 8 unused Assets to reduce memory usage. Loaded Objects now: 2463.
Total: 6.790200 ms (FindLiveObjects: 0.831600 ms CreateObjectMapping: 0.369400 ms MarkObjects: 5.536300 ms  DeleteObjects: 0.049300 ms)

AssetImportWorkerClient::OnTransportError - code=2 error=End of file
