Using pre-set license
Built from '2020.3/staging' branch; Version is '2020.3.4f1 (0abb6314276a) revision 703331'; Using compiler version '192528614'; Build Type 'Release'
OS: 'Windows 10 Home Single Language; OS build 19041.1052; Version 2004; 64bit' Language: 'en' Physical Memory: 15809 MB
BatchMode: 1, IsHumanControllingUs: 0, StartBugReporterOnCrash: 0, Is64bit: 1, IsPro: 0

 COMMAND LINE ARGUMENTS:
C:\Program Files\Unity\Hub\Editor\2020.3.4f1\Editor\Unity.exe
-adb2
-batchMode
-noUpm
-name
AssetImportWorker0
-projectPath
D:/Aidan/Documents/Vega/2021/Semester 1/Game Development 3A/AidanKeown_GADE7311_POE/Project Files/Unix
-logFile
Logs/AssetImportWorker0.log
-srvPort
60604
Successfully changed project path to: D:/Aidan/Documents/Vega/2021/Semester 1/Game Development 3A/AidanKeown_GADE7311_POE/Project Files/Unix
D:/Aidan/Documents/Vega/2021/Semester 1/Game Development 3A/AidanKeown_GADE7311_POE/Project Files/Unix
Using Asset Import Pipeline V2.
Refreshing native plugins compatible for Editor in 44.98 ms, found 1 plugins.
Preloading 0 native plugins for Editor in 0.00 ms.
Initialize engine version: 2020.3.4f1 (0abb6314276a)
[Subsystems] Discovering subsystems at path C:/Program Files/Unity/Hub/Editor/2020.3.4f1/Editor/Data/Resources/UnitySubsystems
[Subsystems] Discovering subsystems at path D:/Aidan/Documents/Vega/2021/Semester 1/Game Development 3A/AidanKeown_GADE7311_POE/Project Files/Unix/Assets
GfxDevice: creating device client; threaded=0
Direct3D:
    Version:  Direct3D 11.0 [level 11.1]
    Renderer: NVIDIA GeForce GTX 1650 (ID=0x1f91)
    Vendor:   
    VRAM:     3962 MB
    Driver:   27.21.14.5167
Initialize mono
Mono path[0] = 'C:/Program Files/Unity/Hub/Editor/2020.3.4f1/Editor/Data/Managed'
Mono path[1] = 'C:/Program Files/Unity/Hub/Editor/2020.3.4f1/Editor/Data/MonoBleedingEdge/lib/mono/unityjit'
Mono config path = 'C:/Program Files/Unity/Hub/Editor/2020.3.4f1/Editor/Data/MonoBleedingEdge/etc'
Using monoOptions --debugger-agent=transport=dt_socket,embedding=1,server=y,suspend=n,address=127.0.0.1:56356
Begin MonoManager ReloadAssembly
Registering precompiled unity dll's ...
Register platform support module: C:/Program Files/Unity/Hub/Editor/2020.3.4f1/Editor/Data/PlaybackEngines/WebGLSupport/UnityEditor.WebGL.Extensions.dll
Register platform support module: C:/Program Files/Unity/Hub/Editor/2020.3.4f1/Editor/Data/PlaybackEngines/WindowsStandaloneSupport/UnityEditor.WindowsStandalone.Extensions.dll
Registered in 0.005604 seconds.
Native extension for WindowsStandalone target not found
Native extension for WebGL target not found
Refreshing native plugins compatible for Editor in 55.94 ms, found 1 plugins.
Preloading 0 native plugins for Editor in 0.00 ms.
Mono: successfully reloaded assembly
- Completed reload, in  3.050 seconds
Platform modules already initialized, skipping
Registering precompiled user dll's ...
Registered in 0.002857 seconds.
Begin MonoManager ReloadAssembly
Native extension for WindowsStandalone target not found
Native extension for WebGL target not found
Refreshing native plugins compatible for Editor in 44.76 ms, found 1 plugins.
Preloading 0 native plugins for Editor in 0.00 ms.
Mono: successfully reloaded assembly
- Completed reload, in  1.291 seconds
Platform modules already initialized, skipping
========================================================================
Worker process is ready to serve import requests
Launched and connected shader compiler UnityShaderCompiler.exe after 0.07 seconds
Refreshing native plugins compatible for Editor in 0.40 ms, found 1 plugins.
Preloading 0 native plugins for Editor in 0.00 ms.
Unloading 1701 Unused Serialized files (Serialized files now loaded: 0)
System memory in use before: 84.9 MB.
System memory in use after: 85.0 MB.

Unloading 15 unused Assets to reduce memory usage. Loaded Objects now: 2148.
Total: 2.916300 ms (FindLiveObjects: 0.244800 ms CreateObjectMapping: 0.089300 ms MarkObjects: 2.476400 ms  DeleteObjects: 0.104100 ms)

========================================================================
Received Import Request.
  path: Assets/00-GameRoot/Scenes/Multiplayer - Task 1.unity
  artifactKey: Guid(5daab69a70abec04cacd0b123e87d05b) Importer(815301076,1909f56bfc062723c751e8b465ee728b)
Start importing Assets/00-GameRoot/Scenes/Multiplayer - Task 1.unity using Guid(5daab69a70abec04cacd0b123e87d05b) Importer(815301076,1909f56bfc062723c751e8b465ee728b)  -> (artifact id: '96ea048f1ca86bb3d4011dc428ec4f50') in 0.026374 seconds
  Import took 0.079585 seconds .

========================================================================
Received Import Request.
  Time since last request: 26.005999 seconds.
  path: Assets/00-GameRoot/Scenes/SinglePlayer - Task 2.unity
  artifactKey: Guid(484ea32cea09d5f4abd0cb0dc771c3dc) Importer(815301076,1909f56bfc062723c751e8b465ee728b)
Start importing Assets/00-GameRoot/Scenes/SinglePlayer - Task 2.unity using Guid(484ea32cea09d5f4abd0cb0dc771c3dc) Importer(815301076,1909f56bfc062723c751e8b465ee728b)  -> (artifact id: 'f6942ccca7db5b348466072b9c56fa7a') in 0.012935 seconds
  Import took 0.313526 seconds .

========================================================================
Received Prepare
Refreshing native plugins compatible for Editor in 3.84 ms, found 1 plugins.
Preloading 0 native plugins for Editor in 0.00 ms.
Unloading 5 Unused Serialized files (Serialized files now loaded: 0)
System memory in use before: 49.2 MB.
System memory in use after: 49.3 MB.

Unloading 5 unused Assets to reduce memory usage. Loaded Objects now: 2148.
Total: 3.273100 ms (FindLiveObjects: 0.236800 ms CreateObjectMapping: 0.050700 ms MarkObjects: 2.965400 ms  DeleteObjects: 0.018100 ms)

========================================================================
Received Import Request.
  Time since last request: 735.005669 seconds.
  path: Assets/00-GameRoot/Scripts/GameScene/GamePlay/Unit/Units/MeleeUnit.cs
  artifactKey: Guid(90eaddae35fa31949868fe358dd6ad38) Importer(815301076,1909f56bfc062723c751e8b465ee728b)
Start importing Assets/00-GameRoot/Scripts/GameScene/GamePlay/Unit/Units/MeleeUnit.cs using Guid(90eaddae35fa31949868fe358dd6ad38) Importer(815301076,1909f56bfc062723c751e8b465ee728b)  -> (artifact id: 'a40f3d3c0e0239dd841ddfc66ba95b9d') in 0.040403 seconds
  Import took 0.079077 seconds .

========================================================================
Received Import Request.
  Time since last request: 0.004374 seconds.
  path: Assets/00-GameRoot/Scripts/GameScene/GamePlay/Unit/Units/MeleeUnit.cs
  artifactKey: Guid(90eaddae35fa31949868fe358dd6ad38) Importer(815301076,1909f56bfc062723c751e8b465ee728b)
Start importing Assets/00-GameRoot/Scripts/GameScene/GamePlay/Unit/Units/MeleeUnit.cs using Guid(90eaddae35fa31949868fe358dd6ad38) Importer(815301076,1909f56bfc062723c751e8b465ee728b)  -> (artifact id: 'a40f3d3c0e0239dd841ddfc66ba95b9d') in 0.007652 seconds
  Import took 0.011973 seconds .

========================================================================
Received Prepare
Registering precompiled user dll's ...
Registered in 0.002326 seconds.
Begin MonoManager ReloadAssembly
Native extension for WindowsStandalone target not found
Native extension for WebGL target not found
Refreshing native plugins compatible for Editor in 0.41 ms, found 1 plugins.
Preloading 0 native plugins for Editor in 0.00 ms.
Mono: successfully reloaded assembly
- Completed reload, in  1.098 seconds
Platform modules already initialized, skipping
Refreshing native plugins compatible for Editor in 0.43 ms, found 1 plugins.
Preloading 0 native plugins for Editor in 0.00 ms.
Unloading 1678 Unused Serialized files (Serialized files now loaded: 0)
System memory in use before: 83.1 MB.
System memory in use after: 83.2 MB.

Unloading 7 unused Assets to reduce memory usage. Loaded Objects now: 2152.
Total: 3.473200 ms (FindLiveObjects: 0.406100 ms CreateObjectMapping: 0.123200 ms MarkObjects: 2.906800 ms  DeleteObjects: 0.035300 ms)

========================================================================
Received Import Request.
  Time since last request: 874.210491 seconds.
  path: Assets/00-GameRoot/Scripts/GameScene/GamePlay/Unit/Units/WizardUnit.cs
  artifactKey: Guid(ec6877f161781ce45bed44b2d0f53a5b) Importer(815301076,1909f56bfc062723c751e8b465ee728b)
Start importing Assets/00-GameRoot/Scripts/GameScene/GamePlay/Unit/Units/WizardUnit.cs using Guid(ec6877f161781ce45bed44b2d0f53a5b) Importer(815301076,1909f56bfc062723c751e8b465ee728b)  -> (artifact id: '2dcba7c62c02d7fa094e686ae201df97') in 0.014852 seconds
  Import took 0.086975 seconds .

========================================================================
Received Prepare
Registering precompiled user dll's ...
Registered in 0.003154 seconds.
Begin MonoManager ReloadAssembly
Native extension for WindowsStandalone target not found
Native extension for WebGL target not found
Refreshing native plugins compatible for Editor in 0.42 ms, found 1 plugins.
Preloading 0 native plugins for Editor in 0.00 ms.
Mono: successfully reloaded assembly
- Completed reload, in  1.091 seconds
Platform modules already initialized, skipping
Refreshing native plugins compatible for Editor in 0.42 ms, found 1 plugins.
Preloading 0 native plugins for Editor in 0.00 ms.
Unloading 1678 Unused Serialized files (Serialized files now loaded: 0)
System memory in use before: 83.1 MB.
System memory in use after: 83.3 MB.

Unloading 7 unused Assets to reduce memory usage. Loaded Objects now: 2156.
Total: 2.213500 ms (FindLiveObjects: 0.238300 ms CreateObjectMapping: 0.050900 ms MarkObjects: 1.896500 ms  DeleteObjects: 0.026000 ms)

========================================================================
Received Prepare
Registering precompiled user dll's ...
Registered in 0.002394 seconds.
Begin MonoManager ReloadAssembly
Native extension for WindowsStandalone target not found
Native extension for WebGL target not found
Refreshing native plugins compatible for Editor in 0.47 ms, found 1 plugins.
Preloading 0 native plugins for Editor in 0.00 ms.
Mono: successfully reloaded assembly
- Completed reload, in  1.087 seconds
Platform modules already initialized, skipping
Refreshing native plugins compatible for Editor in 0.46 ms, found 1 plugins.
Preloading 0 native plugins for Editor in 0.00 ms.
Unloading 1678 Unused Serialized files (Serialized files now loaded: 0)
System memory in use before: 83.2 MB.
System memory in use after: 83.3 MB.

Unloading 7 unused Assets to reduce memory usage. Loaded Objects now: 2160.
Total: 3.551700 ms (FindLiveObjects: 0.344400 ms CreateObjectMapping: 0.084800 ms MarkObjects: 3.086000 ms  DeleteObjects: 0.034900 ms)

========================================================================
Received Prepare
Registering precompiled user dll's ...
Registered in 0.002212 seconds.
Begin MonoManager ReloadAssembly
Native extension for WindowsStandalone target not found
Native extension for WebGL target not found
Refreshing native plugins compatible for Editor in 0.42 ms, found 1 plugins.
Preloading 0 native plugins for Editor in 0.00 ms.
Mono: successfully reloaded assembly
- Completed reload, in  1.090 seconds
Platform modules already initialized, skipping
Refreshing native plugins compatible for Editor in 0.41 ms, found 1 plugins.
Preloading 0 native plugins for Editor in 0.00 ms.
Unloading 1678 Unused Serialized files (Serialized files now loaded: 0)
System memory in use before: 83.2 MB.
System memory in use after: 83.3 MB.

Unloading 7 unused Assets to reduce memory usage. Loaded Objects now: 2164.
Total: 2.718900 ms (FindLiveObjects: 0.317500 ms CreateObjectMapping: 0.062600 ms MarkObjects: 2.307400 ms  DeleteObjects: 0.029800 ms)

