Using pre-set license
Built from '2020.3/staging' branch; Version is '2020.3.4f1 (0abb6314276a) revision 703331'; Using compiler version '192528614'; Build Type 'Release'
OS: 'Windows 10 Home Single Language; OS build 19041.928; Version 2004; 64bit' Language: 'en' Physical Memory: 15809 MB
BatchMode: 1, IsHumanControllingUs: 0, StartBugReporterOnCrash: 0, Is64bit: 1, IsPro: 0

 COMMAND LINE ARGUMENTS:
C:\Program Files\Unity\Hub\Editor\2020.3.4f1\Editor\Unity.exe
-adb2
-batchMode
-noUpm
-name
AssetImportWorker0
-projectPath
D:/Aidan/Documents/Vega/2021/Semester 1/Game Development 3A/AidanKeown_GADE7311_POE/Project Files/Unix
-logFile
Logs/AssetImportWorker0.log
-srvPort
54813
Successfully changed project path to: D:/Aidan/Documents/Vega/2021/Semester 1/Game Development 3A/AidanKeown_GADE7311_POE/Project Files/Unix
D:/Aidan/Documents/Vega/2021/Semester 1/Game Development 3A/AidanKeown_GADE7311_POE/Project Files/Unix
Using Asset Import Pipeline V2.
Refreshing native plugins compatible for Editor in 116.59 ms, found 1 plugins.
Preloading 0 native plugins for Editor in 0.00 ms.
Initialize engine version: 2020.3.4f1 (0abb6314276a)
[Subsystems] Discovering subsystems at path C:/Program Files/Unity/Hub/Editor/2020.3.4f1/Editor/Data/Resources/UnitySubsystems
[Subsystems] Discovering subsystems at path D:/Aidan/Documents/Vega/2021/Semester 1/Game Development 3A/AidanKeown_GADE7311_POE/Project Files/Unix/Assets
GfxDevice: creating device client; threaded=0
Direct3D:
    Version:  Direct3D 11.0 [level 11.1]
    Renderer: NVIDIA GeForce GTX 1650 (ID=0x1f91)
    Vendor:   
    VRAM:     3962 MB
    Driver:   27.21.14.5167
Initialize mono
Mono path[0] = 'C:/Program Files/Unity/Hub/Editor/2020.3.4f1/Editor/Data/Managed'
Mono path[1] = 'C:/Program Files/Unity/Hub/Editor/2020.3.4f1/Editor/Data/MonoBleedingEdge/lib/mono/unityjit'
Mono config path = 'C:/Program Files/Unity/Hub/Editor/2020.3.4f1/Editor/Data/MonoBleedingEdge/etc'
Using monoOptions --debugger-agent=transport=dt_socket,embedding=1,server=y,suspend=n,address=127.0.0.1:56716
Begin MonoManager ReloadAssembly
Registering precompiled unity dll's ...
Register platform support module: C:/Program Files/Unity/Hub/Editor/2020.3.4f1/Editor/Data/PlaybackEngines/WebGLSupport/UnityEditor.WebGL.Extensions.dll
Register platform support module: C:/Program Files/Unity/Hub/Editor/2020.3.4f1/Editor/Data/PlaybackEngines/WindowsStandaloneSupport/UnityEditor.WindowsStandalone.Extensions.dll
Registered in 0.012355 seconds.
Native extension for WindowsStandalone target not found
Native extension for WebGL target not found
Refreshing native plugins compatible for Editor in 114.60 ms, found 1 plugins.
Preloading 0 native plugins for Editor in 0.00 ms.
Mono: successfully reloaded assembly
- Completed reload, in  9.011 seconds
Platform modules already initialized, skipping
Registering precompiled user dll's ...
Registered in 0.005551 seconds.
Begin MonoManager ReloadAssembly
Native extension for WindowsStandalone target not found
Native extension for WebGL target not found
Refreshing native plugins compatible for Editor in 110.50 ms, found 1 plugins.
Preloading 0 native plugins for Editor in 0.00 ms.
Mono: successfully reloaded assembly
- Completed reload, in  3.450 seconds
Platform modules already initialized, skipping
========================================================================
Worker process is ready to serve import requests
Launched and connected shader compiler UnityShaderCompiler.exe after 0.16 seconds
Refreshing native plugins compatible for Editor in 1.05 ms, found 1 plugins.
Preloading 0 native plugins for Editor in 0.00 ms.
Unloading 1699 Unused Serialized files (Serialized files now loaded: 0)
System memory in use before: 84.8 MB.
System memory in use after: 84.9 MB.

Unloading 15 unused Assets to reduce memory usage. Loaded Objects now: 2146.
Total: 5.099800 ms (FindLiveObjects: 0.483600 ms CreateObjectMapping: 0.200600 ms MarkObjects: 4.224800 ms  DeleteObjects: 0.187300 ms)

========================================================================
Received Import Request.
  path: Assets/00-GameRoot/Scripts/GameScene/GamePlay/Finite State Machine/BaseState.cs
  artifactKey: Guid(ab538da9584ea4144bb4111da9811ca1) Importer(815301076,1909f56bfc062723c751e8b465ee728b)
Start importing Assets/00-GameRoot/Scripts/GameScene/GamePlay/Finite State Machine/BaseState.cs using Guid(ab538da9584ea4144bb4111da9811ca1) Importer(815301076,1909f56bfc062723c751e8b465ee728b)  -> (artifact id: 'd43fd6c0ced59c2808fdf0da2c795de2') in 0.137844 seconds
  Import took 0.145203 seconds .

========================================================================
Received Import Request.
  Time since last request: 49.108930 seconds.
  path: Assets/00-GameRoot/Scripts/GameScene/GamePlay/Unit/UnitStateMachine.cs
  artifactKey: Guid(3dddb0bf01725404fbc3c792d41b42f3) Importer(815301076,1909f56bfc062723c751e8b465ee728b)
Start importing Assets/00-GameRoot/Scripts/GameScene/GamePlay/Unit/UnitStateMachine.cs using Guid(3dddb0bf01725404fbc3c792d41b42f3) Importer(815301076,1909f56bfc062723c751e8b465ee728b)  -> (artifact id: '81f330ce25b35ab550443c323252c8f2') in 0.015129 seconds
  Import took 0.023711 seconds .

========================================================================
Received Prepare
Registering precompiled user dll's ...
Registered in 0.006841 seconds.
Begin MonoManager ReloadAssembly
Native extension for WindowsStandalone target not found
Native extension for WebGL target not found
Refreshing native plugins compatible for Editor in 1.27 ms, found 1 plugins.
Preloading 0 native plugins for Editor in 0.00 ms.
Mono: successfully reloaded assembly
- Completed reload, in  3.354 seconds
Platform modules already initialized, skipping
Refreshing native plugins compatible for Editor in 0.91 ms, found 1 plugins.
Preloading 0 native plugins for Editor in 0.00 ms.
Unloading 1677 Unused Serialized files (Serialized files now loaded: 0)
System memory in use before: 83.0 MB.
System memory in use after: 83.1 MB.

Unloading 7 unused Assets to reduce memory usage. Loaded Objects now: 2151.
Total: 5.224100 ms (FindLiveObjects: 0.489000 ms CreateObjectMapping: 0.111900 ms MarkObjects: 4.556200 ms  DeleteObjects: 0.063300 ms)

========================================================================
Received Prepare
Registering precompiled user dll's ...
Registered in 0.004821 seconds.
Begin MonoManager ReloadAssembly
Native extension for WindowsStandalone target not found
Native extension for WebGL target not found
Refreshing native plugins compatible for Editor in 0.84 ms, found 1 plugins.
Preloading 0 native plugins for Editor in 0.00 ms.
Mono: successfully reloaded assembly
- Completed reload, in  3.244 seconds
Platform modules already initialized, skipping
Refreshing native plugins compatible for Editor in 1.10 ms, found 1 plugins.
Preloading 0 native plugins for Editor in 0.00 ms.
Unloading 1677 Unused Serialized files (Serialized files now loaded: 0)
System memory in use before: 83.0 MB.
System memory in use after: 83.2 MB.

Unloading 7 unused Assets to reduce memory usage. Loaded Objects now: 2155.
Total: 7.003100 ms (FindLiveObjects: 0.556900 ms CreateObjectMapping: 0.155200 ms MarkObjects: 6.219500 ms  DeleteObjects: 0.067500 ms)

========================================================================
Received Import Request.
  Time since last request: 1564.146225 seconds.
  path: Assets/00-GameRoot/Scripts/GameScene/GamePlay/Finite State Machine/BaseState.cs
  artifactKey: Guid(ab538da9584ea4144bb4111da9811ca1) Importer(815301076,1909f56bfc062723c751e8b465ee728b)
Start importing Assets/00-GameRoot/Scripts/GameScene/GamePlay/Finite State Machine/BaseState.cs using Guid(ab538da9584ea4144bb4111da9811ca1) Importer(815301076,1909f56bfc062723c751e8b465ee728b)  -> (artifact id: '4dac450266bf77d44e6e25ec8d53a948') in 0.020680 seconds
  Import took 0.027801 seconds .

========================================================================
Received Prepare
Registering precompiled user dll's ...
Registered in 0.004706 seconds.
Begin MonoManager ReloadAssembly
Native extension for WindowsStandalone target not found
Native extension for WebGL target not found
Refreshing native plugins compatible for Editor in 1.38 ms, found 1 plugins.
Preloading 0 native plugins for Editor in 0.00 ms.
Mono: successfully reloaded assembly
- Completed reload, in  3.021 seconds
Platform modules already initialized, skipping
Refreshing native plugins compatible for Editor in 0.97 ms, found 1 plugins.
Preloading 0 native plugins for Editor in 0.00 ms.
Unloading 1677 Unused Serialized files (Serialized files now loaded: 0)
System memory in use before: 83.1 MB.
System memory in use after: 83.2 MB.

Unloading 7 unused Assets to reduce memory usage. Loaded Objects now: 2159.
Total: 5.875200 ms (FindLiveObjects: 0.445800 ms CreateObjectMapping: 0.126400 ms MarkObjects: 5.242300 ms  DeleteObjects: 0.057600 ms)

========================================================================
Received Import Request.
  Time since last request: 966.709050 seconds.
  path: Assets/00-GameRoot/Scripts/GameScene/GamePlay/Finite State Machine/BaseState.cs
  artifactKey: Guid(ab538da9584ea4144bb4111da9811ca1) Importer(815301076,1909f56bfc062723c751e8b465ee728b)
Start importing Assets/00-GameRoot/Scripts/GameScene/GamePlay/Finite State Machine/BaseState.cs using Guid(ab538da9584ea4144bb4111da9811ca1) Importer(815301076,1909f56bfc062723c751e8b465ee728b)  -> (artifact id: '645d28668cf54201d447c6b78d1bb900') in 0.022358 seconds
  Import took 0.031024 seconds .

========================================================================
Received Import Request.
  Time since last request: 5.279795 seconds.
  path: Assets/00-GameRoot/Scripts/GameScene/GamePlay/Finite State Machine/BaseState.cs
  artifactKey: Guid(ab538da9584ea4144bb4111da9811ca1) Importer(815301076,1909f56bfc062723c751e8b465ee728b)
Start importing Assets/00-GameRoot/Scripts/GameScene/GamePlay/Finite State Machine/BaseState.cs using Guid(ab538da9584ea4144bb4111da9811ca1) Importer(815301076,1909f56bfc062723c751e8b465ee728b)  -> (artifact id: '645d28668cf54201d447c6b78d1bb900') in 0.013834 seconds
  Import took 0.020718 seconds .

========================================================================
Received Prepare
Registering precompiled user dll's ...
Registered in 0.005653 seconds.
Begin MonoManager ReloadAssembly
Native extension for WindowsStandalone target not found
Native extension for WebGL target not found
Refreshing native plugins compatible for Editor in 1.27 ms, found 1 plugins.
Preloading 0 native plugins for Editor in 0.00 ms.
Mono: successfully reloaded assembly
- Completed reload, in  3.264 seconds
Platform modules already initialized, skipping
Refreshing native plugins compatible for Editor in 0.96 ms, found 1 plugins.
Preloading 0 native plugins for Editor in 0.00 ms.
Unloading 1677 Unused Serialized files (Serialized files now loaded: 0)
System memory in use before: 83.1 MB.
System memory in use after: 83.2 MB.

Unloading 7 unused Assets to reduce memory usage. Loaded Objects now: 2163.
Total: 7.046600 ms (FindLiveObjects: 0.814100 ms CreateObjectMapping: 0.399200 ms MarkObjects: 5.755500 ms  DeleteObjects: 0.072700 ms)

========================================================================
Received Prepare
Registering precompiled user dll's ...
Registered in 0.006548 seconds.
Begin MonoManager ReloadAssembly
Native extension for WindowsStandalone target not found
Native extension for WebGL target not found
Refreshing native plugins compatible for Editor in 0.82 ms, found 1 plugins.
Preloading 0 native plugins for Editor in 0.00 ms.
Mono: successfully reloaded assembly
- Completed reload, in  3.029 seconds
Platform modules already initialized, skipping
Refreshing native plugins compatible for Editor in 1.04 ms, found 1 plugins.
Preloading 0 native plugins for Editor in 0.00 ms.
Unloading 1677 Unused Serialized files (Serialized files now loaded: 0)
System memory in use before: 83.1 MB.
System memory in use after: 83.2 MB.

Unloading 7 unused Assets to reduce memory usage. Loaded Objects now: 2167.
Total: 5.982500 ms (FindLiveObjects: 0.553400 ms CreateObjectMapping: 0.231900 ms MarkObjects: 5.059500 ms  DeleteObjects: 0.133600 ms)

========================================================================
Received Prepare
Registering precompiled user dll's ...
Registered in 0.007454 seconds.
Begin MonoManager ReloadAssembly
Native extension for WindowsStandalone target not found
Native extension for WebGL target not found
Refreshing native plugins compatible for Editor in 0.84 ms, found 1 plugins.
Preloading 0 native plugins for Editor in 0.00 ms.
Mono: successfully reloaded assembly
- Completed reload, in  3.100 seconds
Platform modules already initialized, skipping
Refreshing native plugins compatible for Editor in 1.00 ms, found 1 plugins.
Preloading 0 native plugins for Editor in 0.00 ms.
Unloading 1677 Unused Serialized files (Serialized files now loaded: 0)
System memory in use before: 83.1 MB.
System memory in use after: 83.2 MB.

Unloading 7 unused Assets to reduce memory usage. Loaded Objects now: 2171.
Total: 6.008400 ms (FindLiveObjects: 0.611400 ms CreateObjectMapping: 0.145600 ms MarkObjects: 5.199000 ms  DeleteObjects: 0.048500 ms)

========================================================================
Received Prepare
Registering precompiled user dll's ...
Registered in 0.007140 seconds.
Begin MonoManager ReloadAssembly
Native extension for WindowsStandalone target not found
Native extension for WebGL target not found
Refreshing native plugins compatible for Editor in 1.32 ms, found 1 plugins.
Preloading 0 native plugins for Editor in 0.00 ms.
Mono: successfully reloaded assembly
- Completed reload, in  3.016 seconds
Platform modules already initialized, skipping
Refreshing native plugins compatible for Editor in 1.11 ms, found 1 plugins.
Preloading 0 native plugins for Editor in 0.00 ms.
Unloading 1677 Unused Serialized files (Serialized files now loaded: 0)
System memory in use before: 83.1 MB.
System memory in use after: 83.2 MB.

Unloading 7 unused Assets to reduce memory usage. Loaded Objects now: 2175.
Total: 6.456900 ms (FindLiveObjects: 0.695200 ms CreateObjectMapping: 0.385300 ms MarkObjects: 5.306100 ms  DeleteObjects: 0.067500 ms)

========================================================================
Received Import Request.
  Time since last request: 669.747013 seconds.
  path: Assets/00-GameRoot/Scripts/GameScene/GamePlay/Finite State Machine/BaseState.cs
  artifactKey: Guid(ab538da9584ea4144bb4111da9811ca1) Importer(815301076,1909f56bfc062723c751e8b465ee728b)
Start importing Assets/00-GameRoot/Scripts/GameScene/GamePlay/Finite State Machine/BaseState.cs using Guid(ab538da9584ea4144bb4111da9811ca1) Importer(815301076,1909f56bfc062723c751e8b465ee728b)  -> (artifact id: 'fc7088c4f8e53d9e6130d8cbee160042') in 0.023084 seconds
  Import took 0.032372 seconds .

========================================================================
Received Import Request.
  Time since last request: 2.401851 seconds.
  path: Assets/00-GameRoot/Scripts/GameScene/GamePlay/Finite State Machine/BaseState.cs
  artifactKey: Guid(ab538da9584ea4144bb4111da9811ca1) Importer(815301076,1909f56bfc062723c751e8b465ee728b)
Start importing Assets/00-GameRoot/Scripts/GameScene/GamePlay/Finite State Machine/BaseState.cs using Guid(ab538da9584ea4144bb4111da9811ca1) Importer(815301076,1909f56bfc062723c751e8b465ee728b)  -> (artifact id: 'fc7088c4f8e53d9e6130d8cbee160042') in 0.015498 seconds
  Import took 0.025000 seconds .

========================================================================
Received Prepare
Registering precompiled user dll's ...
Registered in 0.006170 seconds.
Begin MonoManager ReloadAssembly
Native extension for WindowsStandalone target not found
Native extension for WebGL target not found
Refreshing native plugins compatible for Editor in 1.34 ms, found 1 plugins.
Preloading 0 native plugins for Editor in 0.00 ms.
Mono: successfully reloaded assembly
- Completed reload, in  3.276 seconds
Platform modules already initialized, skipping
Refreshing native plugins compatible for Editor in 0.90 ms, found 1 plugins.
Preloading 0 native plugins for Editor in 0.00 ms.
Unloading 1677 Unused Serialized files (Serialized files now loaded: 0)
System memory in use before: 83.1 MB.
System memory in use after: 83.2 MB.

Unloading 7 unused Assets to reduce memory usage. Loaded Objects now: 2179.
Total: 5.603400 ms (FindLiveObjects: 0.625200 ms CreateObjectMapping: 0.134900 ms MarkObjects: 4.767500 ms  DeleteObjects: 0.071400 ms)

========================================================================
Received Prepare
Registering precompiled user dll's ...
Registered in 0.006372 seconds.
Begin MonoManager ReloadAssembly
Native extension for WindowsStandalone target not found
Native extension for WebGL target not found
Refreshing native plugins compatible for Editor in 0.89 ms, found 1 plugins.
Preloading 0 native plugins for Editor in 0.00 ms.
Mono: successfully reloaded assembly
- Completed reload, in  2.886 seconds
Platform modules already initialized, skipping
Refreshing native plugins compatible for Editor in 0.99 ms, found 1 plugins.
Preloading 0 native plugins for Editor in 0.00 ms.
Unloading 1677 Unused Serialized files (Serialized files now loaded: 0)
System memory in use before: 83.1 MB.
System memory in use after: 83.2 MB.

Unloading 7 unused Assets to reduce memory usage. Loaded Objects now: 2183.
Total: 5.095200 ms (FindLiveObjects: 0.428000 ms CreateObjectMapping: 0.160300 ms MarkObjects: 4.441400 ms  DeleteObjects: 0.062300 ms)

========================================================================
Received Prepare
Registering precompiled user dll's ...
Registered in 0.006172 seconds.
Begin MonoManager ReloadAssembly
Native extension for WindowsStandalone target not found
Native extension for WebGL target not found
Refreshing native plugins compatible for Editor in 0.97 ms, found 1 plugins.
Preloading 0 native plugins for Editor in 0.00 ms.
Mono: successfully reloaded assembly
- Completed reload, in  2.875 seconds
Platform modules already initialized, skipping
Refreshing native plugins compatible for Editor in 0.86 ms, found 1 plugins.
Preloading 0 native plugins for Editor in 0.00 ms.
Unloading 1677 Unused Serialized files (Serialized files now loaded: 0)
System memory in use before: 83.1 MB.
System memory in use after: 83.2 MB.

Unloading 7 unused Assets to reduce memory usage. Loaded Objects now: 2187.
Total: 5.337400 ms (FindLiveObjects: 0.423600 ms CreateObjectMapping: 0.106700 ms MarkObjects: 4.749100 ms  DeleteObjects: 0.055100 ms)

========================================================================
Received Prepare
Registering precompiled user dll's ...
Registered in 0.006093 seconds.
Begin MonoManager ReloadAssembly
Native extension for WindowsStandalone target not found
Native extension for WebGL target not found
Refreshing native plugins compatible for Editor in 1.36 ms, found 1 plugins.
Preloading 0 native plugins for Editor in 0.00 ms.
Mono: successfully reloaded assembly
- Completed reload, in  3.064 seconds
Platform modules already initialized, skipping
Refreshing native plugins compatible for Editor in 0.88 ms, found 1 plugins.
Preloading 0 native plugins for Editor in 0.00 ms.
Unloading 1677 Unused Serialized files (Serialized files now loaded: 0)
System memory in use before: 83.1 MB.
System memory in use after: 83.2 MB.

Unloading 7 unused Assets to reduce memory usage. Loaded Objects now: 2191.
Total: 5.356300 ms (FindLiveObjects: 0.550900 ms CreateObjectMapping: 0.131200 ms MarkObjects: 4.615800 ms  DeleteObjects: 0.054400 ms)

========================================================================
Received Prepare
Registering precompiled user dll's ...
Registered in 0.007067 seconds.
Begin MonoManager ReloadAssembly
Native extension for WindowsStandalone target not found
Native extension for WebGL target not found
Refreshing native plugins compatible for Editor in 1.00 ms, found 1 plugins.
Preloading 0 native plugins for Editor in 0.00 ms.
Mono: successfully reloaded assembly
- Completed reload, in  3.015 seconds
Platform modules already initialized, skipping
Refreshing native plugins compatible for Editor in 0.94 ms, found 1 plugins.
Preloading 0 native plugins for Editor in 0.00 ms.
Unloading 1677 Unused Serialized files (Serialized files now loaded: 0)
System memory in use before: 83.1 MB.
System memory in use after: 83.3 MB.

Unloading 7 unused Assets to reduce memory usage. Loaded Objects now: 2195.
Total: 5.668300 ms (FindLiveObjects: 0.733500 ms CreateObjectMapping: 0.258000 ms MarkObjects: 4.628500 ms  DeleteObjects: 0.044400 ms)

========================================================================
Received Prepare
Registering precompiled user dll's ...
Registered in 0.007619 seconds.
Begin MonoManager ReloadAssembly
Native extension for WindowsStandalone target not found
Native extension for WebGL target not found
Refreshing native plugins compatible for Editor in 0.83 ms, found 1 plugins.
Preloading 0 native plugins for Editor in 0.00 ms.
Mono: successfully reloaded assembly
- Completed reload, in  3.127 seconds
Platform modules already initialized, skipping
Refreshing native plugins compatible for Editor in 0.87 ms, found 1 plugins.
Preloading 0 native plugins for Editor in 0.00 ms.
Unloading 1677 Unused Serialized files (Serialized files now loaded: 0)
System memory in use before: 83.1 MB.
System memory in use after: 83.3 MB.

Unloading 7 unused Assets to reduce memory usage. Loaded Objects now: 2199.
Total: 5.104300 ms (FindLiveObjects: 0.484700 ms CreateObjectMapping: 0.116300 ms MarkObjects: 4.443300 ms  DeleteObjects: 0.057000 ms)

========================================================================
Received Prepare
Registering precompiled user dll's ...
Registered in 0.005286 seconds.
Begin MonoManager ReloadAssembly
Native extension for WindowsStandalone target not found
Native extension for WebGL target not found
Refreshing native plugins compatible for Editor in 0.83 ms, found 1 plugins.
Preloading 0 native plugins for Editor in 0.00 ms.
Mono: successfully reloaded assembly
- Completed reload, in  2.965 seconds
Platform modules already initialized, skipping
Refreshing native plugins compatible for Editor in 0.88 ms, found 1 plugins.
Preloading 0 native plugins for Editor in 0.00 ms.
Unloading 1677 Unused Serialized files (Serialized files now loaded: 0)
System memory in use before: 83.1 MB.
System memory in use after: 83.3 MB.

Unloading 7 unused Assets to reduce memory usage. Loaded Objects now: 2203.
Total: 6.401200 ms (FindLiveObjects: 0.863200 ms CreateObjectMapping: 0.402500 ms MarkObjects: 5.063800 ms  DeleteObjects: 0.067400 ms)

========================================================================
Received Prepare
Registering precompiled user dll's ...
Registered in 0.005086 seconds.
Begin MonoManager ReloadAssembly
Native extension for WindowsStandalone target not found
Native extension for WebGL target not found
Refreshing native plugins compatible for Editor in 1.20 ms, found 1 plugins.
Preloading 0 native plugins for Editor in 0.00 ms.
Mono: successfully reloaded assembly
- Completed reload, in  3.127 seconds
Platform modules already initialized, skipping
Refreshing native plugins compatible for Editor in 0.79 ms, found 1 plugins.
Preloading 0 native plugins for Editor in 0.00 ms.
Unloading 1677 Unused Serialized files (Serialized files now loaded: 0)
System memory in use before: 83.2 MB.
System memory in use after: 83.3 MB.

Unloading 7 unused Assets to reduce memory usage. Loaded Objects now: 2207.
Total: 6.878800 ms (FindLiveObjects: 1.169600 ms CreateObjectMapping: 0.469300 ms MarkObjects: 5.191800 ms  DeleteObjects: 0.043600 ms)

========================================================================
Received Prepare
Registering precompiled user dll's ...
Registered in 0.005341 seconds.
Begin MonoManager ReloadAssembly
Native extension for WindowsStandalone target not found
Native extension for WebGL target not found
Refreshing native plugins compatible for Editor in 0.82 ms, found 1 plugins.
Preloading 0 native plugins for Editor in 0.00 ms.
Mono: successfully reloaded assembly
- Completed reload, in  3.094 seconds
Platform modules already initialized, skipping
Refreshing native plugins compatible for Editor in 0.80 ms, found 1 plugins.
Preloading 0 native plugins for Editor in 0.00 ms.
Unloading 1677 Unused Serialized files (Serialized files now loaded: 0)
System memory in use before: 83.2 MB.
System memory in use after: 83.3 MB.

Unloading 7 unused Assets to reduce memory usage. Loaded Objects now: 2211.
Total: 5.670700 ms (FindLiveObjects: 0.607700 ms CreateObjectMapping: 0.200200 ms MarkObjects: 4.815000 ms  DeleteObjects: 0.045000 ms)

========================================================================
Received Prepare
Registering precompiled user dll's ...
Registered in 0.005803 seconds.
Begin MonoManager ReloadAssembly
Native extension for WindowsStandalone target not found
Native extension for WebGL target not found
Refreshing native plugins compatible for Editor in 1.28 ms, found 1 plugins.
Preloading 0 native plugins for Editor in 0.00 ms.
Mono: successfully reloaded assembly
- Completed reload, in  3.140 seconds
Platform modules already initialized, skipping
Refreshing native plugins compatible for Editor in 1.59 ms, found 1 plugins.
Preloading 0 native plugins for Editor in 0.00 ms.
Unloading 1677 Unused Serialized files (Serialized files now loaded: 0)
System memory in use before: 83.2 MB.
System memory in use after: 83.3 MB.

Unloading 7 unused Assets to reduce memory usage. Loaded Objects now: 2215.
Total: 5.373800 ms (FindLiveObjects: 0.458800 ms CreateObjectMapping: 0.111300 ms MarkObjects: 4.744600 ms  DeleteObjects: 0.055500 ms)

========================================================================
Received Prepare
Registering precompiled user dll's ...
Registered in 0.005975 seconds.
Begin MonoManager ReloadAssembly
Native extension for WindowsStandalone target not found
Native extension for WebGL target not found
Refreshing native plugins compatible for Editor in 0.85 ms, found 1 plugins.
Preloading 0 native plugins for Editor in 0.00 ms.
Mono: successfully reloaded assembly
- Completed reload, in  3.005 seconds
Platform modules already initialized, skipping
Refreshing native plugins compatible for Editor in 0.77 ms, found 1 plugins.
Preloading 0 native plugins for Editor in 0.00 ms.
Unloading 1677 Unused Serialized files (Serialized files now loaded: 0)
System memory in use before: 83.2 MB.
System memory in use after: 83.3 MB.

Unloading 7 unused Assets to reduce memory usage. Loaded Objects now: 2219.
Total: 4.710800 ms (FindLiveObjects: 0.460600 ms CreateObjectMapping: 0.124000 ms MarkObjects: 4.075100 ms  DeleteObjects: 0.048300 ms)

========================================================================
Received Prepare
Registering precompiled user dll's ...
Registered in 0.006472 seconds.
Begin MonoManager ReloadAssembly
Native extension for WindowsStandalone target not found
Native extension for WebGL target not found
Refreshing native plugins compatible for Editor in 0.83 ms, found 1 plugins.
Preloading 0 native plugins for Editor in 0.00 ms.
Mono: successfully reloaded assembly
- Completed reload, in  3.137 seconds
Platform modules already initialized, skipping
Refreshing native plugins compatible for Editor in 0.86 ms, found 1 plugins.
Preloading 0 native plugins for Editor in 0.00 ms.
Unloading 1677 Unused Serialized files (Serialized files now loaded: 0)
System memory in use before: 83.2 MB.
System memory in use after: 83.3 MB.

Unloading 7 unused Assets to reduce memory usage. Loaded Objects now: 2223.
Total: 18.993400 ms (FindLiveObjects: 0.711600 ms CreateObjectMapping: 0.255200 ms MarkObjects: 17.948400 ms  DeleteObjects: 0.074000 ms)

========================================================================
Received Prepare
Registering precompiled user dll's ...
Registered in 0.006739 seconds.
Begin MonoManager ReloadAssembly
Native extension for WindowsStandalone target not found
Native extension for WebGL target not found
Refreshing native plugins compatible for Editor in 1.30 ms, found 1 plugins.
Preloading 0 native plugins for Editor in 0.00 ms.
Mono: successfully reloaded assembly
- Completed reload, in  3.150 seconds
Platform modules already initialized, skipping
Refreshing native plugins compatible for Editor in 0.96 ms, found 1 plugins.
Preloading 0 native plugins for Editor in 0.00 ms.
Unloading 1677 Unused Serialized files (Serialized files now loaded: 0)
System memory in use before: 83.2 MB.
System memory in use after: 83.3 MB.

Unloading 7 unused Assets to reduce memory usage. Loaded Objects now: 2227.
Total: 5.449200 ms (FindLiveObjects: 1.021400 ms CreateObjectMapping: 0.430400 ms MarkObjects: 3.941900 ms  DeleteObjects: 0.050600 ms)

========================================================================
Received Import Request.
  Time since last request: 1160.578535 seconds.
  path: Assets/00-GameRoot/Scripts/GameScene/GamePlay/GameManager.cs
  artifactKey: Guid(2e111cfb29afb714ab1721986380c01b) Importer(815301076,1909f56bfc062723c751e8b465ee728b)
Start importing Assets/00-GameRoot/Scripts/GameScene/GamePlay/GameManager.cs using Guid(2e111cfb29afb714ab1721986380c01b) Importer(815301076,1909f56bfc062723c751e8b465ee728b)  -> (artifact id: '97dbc53836a6d3d91fecdac33170e8aa') in 0.053734 seconds
  Import took 0.062317 seconds .

========================================================================
Received Import Request.
  Time since last request: 1.865042 seconds.
  path: Assets/00-GameRoot/Scripts/GameScene/GamePlay/GameManager.cs
  artifactKey: Guid(2e111cfb29afb714ab1721986380c01b) Importer(815301076,1909f56bfc062723c751e8b465ee728b)
Start importing Assets/00-GameRoot/Scripts/GameScene/GamePlay/GameManager.cs using Guid(2e111cfb29afb714ab1721986380c01b) Importer(815301076,1909f56bfc062723c751e8b465ee728b)  -> (artifact id: '97dbc53836a6d3d91fecdac33170e8aa') in 0.012757 seconds
  Import took 0.021001 seconds .

========================================================================
Received Prepare
Registering precompiled user dll's ...
Registered in 0.005098 seconds.
Begin MonoManager ReloadAssembly
Native extension for WindowsStandalone target not found
Native extension for WebGL target not found
Refreshing native plugins compatible for Editor in 0.90 ms, found 1 plugins.
Preloading 0 native plugins for Editor in 0.00 ms.
Mono: successfully reloaded assembly
- Completed reload, in  3.028 seconds
Platform modules already initialized, skipping
Refreshing native plugins compatible for Editor in 1.57 ms, found 1 plugins.
Preloading 0 native plugins for Editor in 0.00 ms.
Unloading 1677 Unused Serialized files (Serialized files now loaded: 0)
System memory in use before: 83.2 MB.
System memory in use after: 83.3 MB.

Unloading 7 unused Assets to reduce memory usage. Loaded Objects now: 2231.
Total: 22.219500 ms (FindLiveObjects: 0.739900 ms CreateObjectMapping: 0.204900 ms MarkObjects: 21.205000 ms  DeleteObjects: 0.064800 ms)

========================================================================
Received Prepare
Registering precompiled user dll's ...
Registered in 0.005358 seconds.
Begin MonoManager ReloadAssembly
Native extension for WindowsStandalone target not found
Native extension for WebGL target not found
Refreshing native plugins compatible for Editor in 0.82 ms, found 1 plugins.
Preloading 0 native plugins for Editor in 0.00 ms.
Mono: successfully reloaded assembly
- Completed reload, in  2.958 seconds
Platform modules already initialized, skipping
Refreshing native plugins compatible for Editor in 1.16 ms, found 1 plugins.
Preloading 0 native plugins for Editor in 0.00 ms.
Unloading 1677 Unused Serialized files (Serialized files now loaded: 0)
System memory in use before: 83.2 MB.
System memory in use after: 83.3 MB.

Unloading 7 unused Assets to reduce memory usage. Loaded Objects now: 2235.
Total: 6.698200 ms (FindLiveObjects: 0.511800 ms CreateObjectMapping: 0.139900 ms MarkObjects: 5.984500 ms  DeleteObjects: 0.058200 ms)

========================================================================
Received Prepare
Registering precompiled user dll's ...
Registered in 0.005228 seconds.
Begin MonoManager ReloadAssembly
Native extension for WindowsStandalone target not found
Native extension for WebGL target not found
Refreshing native plugins compatible for Editor in 0.81 ms, found 1 plugins.
Preloading 0 native plugins for Editor in 0.00 ms.
Mono: successfully reloaded assembly
- Completed reload, in  3.014 seconds
Platform modules already initialized, skipping
Refreshing native plugins compatible for Editor in 0.89 ms, found 1 plugins.
Preloading 0 native plugins for Editor in 0.00 ms.
Unloading 1677 Unused Serialized files (Serialized files now loaded: 0)
System memory in use before: 83.2 MB.
System memory in use after: 83.3 MB.

Unloading 7 unused Assets to reduce memory usage. Loaded Objects now: 2239.
Total: 6.088400 ms (FindLiveObjects: 0.671900 ms CreateObjectMapping: 0.224600 ms MarkObjects: 5.112800 ms  DeleteObjects: 0.074500 ms)

========================================================================
Received Prepare
Registering precompiled user dll's ...
Registered in 0.005086 seconds.
Begin MonoManager ReloadAssembly
Native extension for WindowsStandalone target not found
Native extension for WebGL target not found
Refreshing native plugins compatible for Editor in 1.03 ms, found 1 plugins.
Preloading 0 native plugins for Editor in 0.00 ms.
Mono: successfully reloaded assembly
- Completed reload, in  3.013 seconds
Platform modules already initialized, skipping
Refreshing native plugins compatible for Editor in 0.87 ms, found 1 plugins.
Preloading 0 native plugins for Editor in 0.00 ms.
Unloading 1677 Unused Serialized files (Serialized files now loaded: 0)
System memory in use before: 83.2 MB.
System memory in use after: 83.3 MB.

Unloading 7 unused Assets to reduce memory usage. Loaded Objects now: 2243.
Total: 5.054100 ms (FindLiveObjects: 0.492600 ms CreateObjectMapping: 0.111400 ms MarkObjects: 4.382800 ms  DeleteObjects: 0.064400 ms)

AssetImportWorkerClient::OnTransportError - code=2 error=End of file
